


         
                                     
         
            
<!DOCTYPE HTML PUBLIC "-//W3C//DTD HTML 4.01//EN"
        "http://www.w3.org/TR/html4/strict.dtd">
<html>
<head>
        <meta http-equiv="content-type" content="text/html; charset=UTF-8">
    <title>8-Mar-2014 12:47:39 PM - CodeCover Report</title>
    <link rel="stylesheet" type="text/css" href="test_report_initial.xml-files/style.css">
    <script src="test_report_initial.xml-files/sorttable.js" type="text/javascript"></script>
</head>
<body>
    <div class="headline">
        Coverage Report
    </div>
    <div class="session">
        8-Mar-2014 12:47:39 PM
    </div>
    <div class="sessionDate">
        measured on March 8, 2014 12:47:39 PM MST
    </div>
    <div class="description">
        Description: 
    </div>
    <div class="metricsForWholeSession">
    <table class="metricsForWholeSession sortable">
    <thead class="metricsForWholeSession">
    <tr class="metricsForWholeSession">
        <th class="metricsForWholeSession">
            Name
        </th>
        <th class="metricsForWholeSession">
            Amount
        </th>
    </tr>
    </thead>
    <tbody class="metricsForWholeSession">
        <tr class="metricsForWholeSession">
        <td class="metricsForWholeSession">
        default package
    </td>
    <td class="metricsForWholeSession">
        1
    </td>
    </tr>
        <tr class="metricsForWholeSession even">
        <td class="metricsForWholeSession">
        package
    </td>
    <td class="metricsForWholeSession">
        1
    </td>
    </tr>
        <tr class="metricsForWholeSession">
        <td class="metricsForWholeSession">
        class
    </td>
    <td class="metricsForWholeSession">
        7
    </td>
    </tr>
        <tr class="metricsForWholeSession even">
        <td class="metricsForWholeSession">
        method
    </td>
    <td class="metricsForWholeSession">
        167
    </td>
    </tr>
        <tr class="metricsForWholeSession">
        <td class="metricsForWholeSession">
        anonymous class
    </td>
    <td class="metricsForWholeSession">
        4
    </td>
    </tr>
        <tr class="metricsForWholeSession even">
        <td class="metricsForWholeSession">
        enumeration
    </td>
    <td class="metricsForWholeSession">
        1
    </td>
    </tr>
    </tbody>
    </table>
    </div><div class="overview">
    <table class="overview sortable">
    <thead class="overview">
        <tr class="overview">
            <th class="overview firstcolumn"></th>
            <th class="overview" colspan="3">Statement Coverage</th>
            <th class="overview" colspan="3">Branch Coverage</th>
            <th class="overview" colspan="3">Term Coverage</th>
        </tr>
    </thead>
    <tbody class="overview">
            <tr class="overview">
                <td class="overview firstcolumn" sorttable_customkey="cabra">
                <a href="test_report_initial.xml-files/cabra/index.html">
                    cabra
                </a>
            </td>
        
                                <td class="overview" sorttable_customkey="64">
                        325&nbsp;/&nbsp;507
                </td>
                <td class="overview">
                        64&nbsp;%
                </td>
                <td class="overview coverage">
                        <div class="red"><div class="green" style="width:64%"></div></div>
                </td>   
                
                                <td class="overview" sorttable_customkey="47">
                        75&nbsp;/&nbsp;159
                </td>
                <td class="overview">
                        47&nbsp;%
                </td>
                <td class="overview coverage">
                        <div class="red"><div class="green" style="width:47%"></div></div>
                </td>   
                
                                <td class="overview" sorttable_customkey="45">
                        65&nbsp;/&nbsp;142
                </td>
                <td class="overview">
                        45&nbsp;%
                </td>
                <td class="overview coverage">
                        <div class="red"><div class="green" style="width:45%"></div></div>
                </td>   
                    </tr>
    </tbody>
    </table>
    </div>
    <div class="testcases">
    <table class="testcases sortable">
    <thead class="testcases">
    <tr class="testcases">
        <th class="testcases">
            Date
        </th>
        <th class="testcases">
            Name
        </th>
        <th class="testcases">
            Comment
        </th>
    </tr>
    </thead>
    <tbody class="testcases">
    <tr class="testcases">
    <td class="testcases">
        March 8, 2014 12:47:32 PM MST
    </td>
    <td class="testcases">
        cabra.tests.Sanitizer_Test:removeUnderscores_noUnderscores_test
    </td>
    <td class="testcases">
        
    </td>
    </tr>
    <tr class="testcases">
    <td class="testcases">
        March 8, 2014 12:47:32 PM MST
    </td>
    <td class="testcases">
        cabra.tests.Sanitizer_Test:removeUnderscores_postiveTest
    </td>
    <td class="testcases">
        
    </td>
    </tr>
    <tr class="testcases">
    <td class="testcases">
        March 8, 2014 12:47:32 PM MST
    </td>
    <td class="testcases">
        cabra.tests.Sanitizer_Test:s
    </td>
    <td class="testcases">
        Error
java.lang.NullPointerException
	at cabra.Sanitizer.removeUnderscores(Sanitizer.java:128)
	at cabra.tests.Sanitizer_Test.s(Sanitizer_Test.java:76)
	at sun.reflect.NativeMethodAccessorImpl.invoke0(Native Method)
	at sun.reflect.NativeMethodAccessorImpl.invoke(NativeMethodAccessorImpl.java:57)
	at sun.reflect.DelegatingMethodAccessorImpl.invoke(DelegatingMethodAccessorImpl.java:43)
	at java.lang.reflect.Method.invoke(Method.java:606)
	at org.junit.runners.model.FrameworkMethod$1.runReflectiveCall(FrameworkMethod.java:47)
	at org.junit.internal.runners.model.ReflectiveCallable.run(ReflectiveCallable.java:12)
	at org.junit.runners.model.FrameworkMethod.invokeExplosively(FrameworkMethod.java:44)
	at org.junit.internal.runners.statements.InvokeMethod.evaluate(InvokeMethod.java:17)
	at org.junit.runners.ParentRunner.runLeaf(ParentRunner.java:271)
	at org.junit.runners.BlockJUnit4ClassRunner.runChild(BlockJUnit4ClassRunner.java:70)
	at org.junit.runners.BlockJUnit4ClassRunner.runChild(BlockJUnit4ClassRunner.java:50)
	at org.junit.runners.ParentRunner$3.run(ParentRunner.java:238)
	at org.junit.runners.ParentRunner$1.schedule(ParentRunner.java:63)
	at org.junit.runners.ParentRunner.runChildren(ParentRunner.java:236)
	at org.junit.runners.ParentRunner.access$000(ParentRunner.java:53)
	at org.junit.runners.ParentRunner$2.evaluate(ParentRunner.java:229)
	at org.junit.internal.runners.statements.RunBefores.evaluate(RunBefores.java:26)
	at org.junit.runners.ParentRunner.run(ParentRunner.java:309)
	at org.eclipse.jdt.internal.junit4.runner.JUnit4TestReference.run(JUnit4TestReference.java:50)
	at org.eclipse.jdt.internal.junit.runner.TestExecution.run(TestExecution.java:38)
	at org.eclipse.jdt.internal.junit.runner.RemoteTestRunner.runTests(RemoteTestRunner.java:467)
	at org.eclipse.jdt.internal.junit.runner.RemoteTestRunner.runTests(RemoteTestRunner.java:683)
	at org.eclipse.jdt.internal.junit.runner.RemoteTestRunner.run(RemoteTestRunner.java:390)
	at org.codecover.juniteclipse.runner.EclipseTestRunner.main(EclipseTestRunner.java:40)
    </td>
    </tr>
    <tr class="testcases">
    <td class="testcases">
        March 8, 2014 12:47:32 PM MST
    </td>
    <td class="testcases">
        cabra.tests.Sanitizer_Test:removeSpaces_nullString_test
    </td>
    <td class="testcases">
        Error
java.lang.NullPointerException
	at cabra.Sanitizer.removeSpaces(Sanitizer.java:117)
	at cabra.tests.Sanitizer_Test.removeSpaces_nullString_test(Sanitizer_Test.java:44)
	at sun.reflect.NativeMethodAccessorImpl.invoke0(Native Method)
	at sun.reflect.NativeMethodAccessorImpl.invoke(NativeMethodAccessorImpl.java:57)
	at sun.reflect.DelegatingMethodAccessorImpl.invoke(DelegatingMethodAccessorImpl.java:43)
	at java.lang.reflect.Method.invoke(Method.java:606)
	at org.junit.runners.model.FrameworkMethod$1.runReflectiveCall(FrameworkMethod.java:47)
	at org.junit.internal.runners.model.ReflectiveCallable.run(ReflectiveCallable.java:12)
	at org.junit.runners.model.FrameworkMethod.invokeExplosively(FrameworkMethod.java:44)
	at org.junit.internal.runners.statements.InvokeMethod.evaluate(InvokeMethod.java:17)
	at org.junit.runners.ParentRunner.runLeaf(ParentRunner.java:271)
	at org.junit.runners.BlockJUnit4ClassRunner.runChild(BlockJUnit4ClassRunner.java:70)
	at org.junit.runners.BlockJUnit4ClassRunner.runChild(BlockJUnit4ClassRunner.java:50)
	at org.junit.runners.ParentRunner$3.run(ParentRunner.java:238)
	at org.junit.runners.ParentRunner$1.schedule(ParentRunner.java:63)
	at org.junit.runners.ParentRunner.runChildren(ParentRunner.java:236)
	at org.junit.runners.ParentRunner.access$000(ParentRunner.java:53)
	at org.junit.runners.ParentRunner$2.evaluate(ParentRunner.java:229)
	at org.junit.internal.runners.statements.RunBefores.evaluate(RunBefores.java:26)
	at org.junit.runners.ParentRunner.run(ParentRunner.java:309)
	at org.eclipse.jdt.internal.junit4.runner.JUnit4TestReference.run(JUnit4TestReference.java:50)
	at org.eclipse.jdt.internal.junit.runner.TestExecution.run(TestExecution.java:38)
	at org.eclipse.jdt.internal.junit.runner.RemoteTestRunner.runTests(RemoteTestRunner.java:467)
	at org.eclipse.jdt.internal.junit.runner.RemoteTestRunner.runTests(RemoteTestRunner.java:683)
	at org.eclipse.jdt.internal.junit.runner.RemoteTestRunner.run(RemoteTestRunner.java:390)
	at org.codecover.juniteclipse.runner.EclipseTestRunner.main(EclipseTestRunner.java:40)
    </td>
    </tr>
    <tr class="testcases">
    <td class="testcases">
        March 8, 2014 12:47:32 PM MST
    </td>
    <td class="testcases">
        cabra.tests.Sanitizer_Test:removeSpaces_noSpaces_test
    </td>
    <td class="testcases">
        
    </td>
    </tr>
    <tr class="testcases">
    <td class="testcases">
        March 8, 2014 12:47:32 PM MST
    </td>
    <td class="testcases">
        cabra.tests.Sanitizer_Test:removeSpaces_positiveTest
    </td>
    <td class="testcases">
        
    </td>
    </tr>
    <tr class="testcases">
    <td class="testcases">
        March 8, 2014 12:47:32 PM MST
    </td>
    <td class="testcases">
        cabra.tests.Sanitizer_Test:removeUnderscores_emptyString_test
    </td>
    <td class="testcases">
        
    </td>
    </tr>
    <tr class="testcases">
    <td class="testcases">
        March 8, 2014 12:47:32 PM MST
    </td>
    <td class="testcases">
        cabra.tests.Sanitizer_Test:removeSpaces_emptyString_test
    </td>
    <td class="testcases">
        
    </td>
    </tr>
    <tr class="testcases">
    <td class="testcases">
        March 8, 2014 12:47:32 PM MST
    </td>
    <td class="testcases">
        cabra.tests.Controller_Tests:addProject_multipeProjects_test
    </td>
    <td class="testcases">
        
    </td>
    </tr>
    <tr class="testcases">
    <td class="testcases">
        March 8, 2014 12:47:33 PM MST
    </td>
    <td class="testcases">
        cabra.tests.Controller_Tests:removeProject_postiveTest
    </td>
    <td class="testcases">
        
    </td>
    </tr>
    <tr class="testcases">
    <td class="testcases">
        March 8, 2014 12:47:34 PM MST
    </td>
    <td class="testcases">
        cabra.tests.Controller_Tests:getNumberofProjects_zeroProjects_test
    </td>
    <td class="testcases">
        
    </td>
    </tr>
    <tr class="testcases">
    <td class="testcases">
        March 8, 2014 12:47:34 PM MST
    </td>
    <td class="testcases">
        cabra.tests.Controller_Tests:removeProject_removeProjectThatDoesntExist
    </td>
    <td class="testcases">
        Error
java.lang.NullPointerException
	at cabra.Controller.removeProject(Controller.java:790)
	at cabra.tests.Controller_Tests.removeProject_removeProjectThatDoesntExist(Controller_Tests.java:162)
	at sun.reflect.NativeMethodAccessorImpl.invoke0(Native Method)
	at sun.reflect.NativeMethodAccessorImpl.invoke(NativeMethodAccessorImpl.java:57)
	at sun.reflect.DelegatingMethodAccessorImpl.invoke(DelegatingMethodAccessorImpl.java:43)
	at java.lang.reflect.Method.invoke(Method.java:606)
	at org.junit.runners.model.FrameworkMethod$1.runReflectiveCall(FrameworkMethod.java:47)
	at org.junit.internal.runners.model.ReflectiveCallable.run(ReflectiveCallable.java:12)
	at org.junit.runners.model.FrameworkMethod.invokeExplosively(FrameworkMethod.java:44)
	at org.junit.internal.runners.statements.InvokeMethod.evaluate(InvokeMethod.java:17)
	at org.junit.runners.ParentRunner.runLeaf(ParentRunner.java:271)
	at org.junit.runners.BlockJUnit4ClassRunner.runChild(BlockJUnit4ClassRunner.java:70)
	at org.junit.runners.BlockJUnit4ClassRunner.runChild(BlockJUnit4ClassRunner.java:50)
	at org.junit.runners.ParentRunner$3.run(ParentRunner.java:238)
	at org.junit.runners.ParentRunner$1.schedule(ParentRunner.java:63)
	at org.junit.runners.ParentRunner.runChildren(ParentRunner.java:236)
	at org.junit.runners.ParentRunner.access$000(ParentRunner.java:53)
	at org.junit.runners.ParentRunner$2.evaluate(ParentRunner.java:229)
	at org.junit.internal.runners.statements.RunBefores.evaluate(RunBefores.java:26)
	at org.junit.runners.ParentRunner.run(ParentRunner.java:309)
	at org.eclipse.jdt.internal.junit4.runner.JUnit4TestReference.run(JUnit4TestReference.java:50)
	at org.eclipse.jdt.internal.junit.runner.TestExecution.run(TestExecution.java:38)
	at org.eclipse.jdt.internal.junit.runner.RemoteTestRunner.runTests(RemoteTestRunner.java:467)
	at org.eclipse.jdt.internal.junit.runner.RemoteTestRunner.runTests(RemoteTestRunner.java:683)
	at org.eclipse.jdt.internal.junit.runner.RemoteTestRunner.run(RemoteTestRunner.java:390)
	at org.codecover.juniteclipse.runner.EclipseTestRunner.main(EclipseTestRunner.java:40)
    </td>
    </tr>
    <tr class="testcases">
    <td class="testcases">
        March 8, 2014 12:47:35 PM MST
    </td>
    <td class="testcases">
        cabra.tests.Controller_Tests:addProject_withNullName_test
    </td>
    <td class="testcases">
        Error
java.lang.NullPointerException
	at cabra.HomePanel.wrapText(HomePanel.java:326)
	at cabra.HomePanel.refresh(HomePanel.java:229)
	at cabra.TabPane.refresh(TabPane.java:96)
	at cabra.GUI.refresh(GUI.java:151)
	at cabra.Controller.refreshNow(Controller.java:537)
	at cabra.Controller.refresh(Controller.java:546)
	at cabra.Controller.setActiveProject(Controller.java:648)
	at cabra.ProjectListPanel.activateProject(ProjectListPanel.java:249)
	at cabra.ProjectListPanel.addProject(ProjectListPanel.java:121)
	at cabra.GUI.addProject(GUI.java:197)
	at cabra.Controller.addProject(Controller.java:722)
	at cabra.Controller.addProject(Controller.java:715)
	at cabra.tests.Controller_Tests.addProject_withNullName_test(Controller_Tests.java:99)
	at sun.reflect.NativeMethodAccessorImpl.invoke0(Native Method)
	at sun.reflect.NativeMethodAccessorImpl.invoke(NativeMethodAccessorImpl.java:57)
	at sun.reflect.DelegatingMethodAccessorImpl.invoke(DelegatingMethodAccessorImpl.java:43)
	at java.lang.reflect.Method.invoke(Method.java:606)
	at org.junit.runners.model.FrameworkMethod$1.runReflectiveCall(FrameworkMethod.java:47)
	at org.junit.internal.runners.model.ReflectiveCallable.run(ReflectiveCallable.java:12)
	at org.junit.runners.model.FrameworkMethod.invokeExplosively(FrameworkMethod.java:44)
	at org.junit.internal.runners.statements.InvokeMethod.evaluate(InvokeMethod.java:17)
	at org.junit.runners.ParentRunner.runLeaf(ParentRunner.java:271)
	at org.junit.runners.BlockJUnit4ClassRunner.runChild(BlockJUnit4ClassRunner.java:70)
	at org.junit.runners.BlockJUnit4ClassRunner.runChild(BlockJUnit4ClassRunner.java:50)
	at org.junit.runners.ParentRunner$3.run(ParentRunner.java:238)
	at org.junit.runners.ParentRunner$1.schedule(ParentRunner.java:63)
	at org.junit.runners.ParentRunner.runChildren(ParentRunner.java:236)
	at org.junit.runners.ParentRunner.access$000(ParentRunner.java:53)
	at org.junit.runners.ParentRunner$2.evaluate(ParentRunner.java:229)
	at org.junit.internal.runners.statements.RunBefores.evaluate(RunBefores.java:26)
	at org.junit.runners.ParentRunner.run(ParentRunner.java:309)
	at org.eclipse.jdt.internal.junit4.runner.JUnit4TestReference.run(JUnit4TestReference.java:50)
	at org.eclipse.jdt.internal.junit.runner.TestExecution.run(TestExecution.java:38)
	at org.eclipse.jdt.internal.junit.runner.RemoteTestRunner.runTests(RemoteTestRunner.java:467)
	at org.eclipse.jdt.internal.junit.runner.RemoteTestRunner.runTests(RemoteTestRunner.java:683)
	at org.eclipse.jdt.internal.junit.runner.RemoteTestRunner.run(RemoteTestRunner.java:390)
	at org.codecover.juniteclipse.runner.EclipseTestRunner.main(EclipseTestRunner.java:40)
    </td>
    </tr>
    <tr class="testcases">
    <td class="testcases">
        March 8, 2014 12:47:35 PM MST
    </td>
    <td class="testcases">
        cabra.tests.Controller_Tests:gainPoints_noPoints_test
    </td>
    <td class="testcases">
        
    </td>
    </tr>
    <tr class="testcases">
    <td class="testcases">
        March 8, 2014 12:47:35 PM MST
    </td>
    <td class="testcases">
        cabra.tests.Controller_Tests:renameProject_emptyString_test
    </td>
    <td class="testcases">
        Failure
org.junit.ComparisonFailure: Name of project expected:<[p1]> but was:<[]>
	at org.junit.Assert.assertEquals(Assert.java:115)
	at cabra.tests.Controller_Tests.renameProject_emptyString_test(Controller_Tests.java:194)
	at sun.reflect.NativeMethodAccessorImpl.invoke0(Native Method)
	at sun.reflect.NativeMethodAccessorImpl.invoke(NativeMethodAccessorImpl.java:57)
	at sun.reflect.DelegatingMethodAccessorImpl.invoke(DelegatingMethodAccessorImpl.java:43)
	at java.lang.reflect.Method.invoke(Method.java:606)
	at org.junit.runners.model.FrameworkMethod$1.runReflectiveCall(FrameworkMethod.java:47)
	at org.junit.internal.runners.model.ReflectiveCallable.run(ReflectiveCallable.java:12)
	at org.junit.runners.model.FrameworkMethod.invokeExplosively(FrameworkMethod.java:44)
	at org.junit.internal.runners.statements.InvokeMethod.evaluate(InvokeMethod.java:17)
	at org.junit.runners.ParentRunner.runLeaf(ParentRunner.java:271)
	at org.junit.runners.BlockJUnit4ClassRunner.runChild(BlockJUnit4ClassRunner.java:70)
	at org.junit.runners.BlockJUnit4ClassRunner.runChild(BlockJUnit4ClassRunner.java:50)
	at org.junit.runners.ParentRunner$3.run(ParentRunner.java:238)
	at org.junit.runners.ParentRunner$1.schedule(ParentRunner.java:63)
	at org.junit.runners.ParentRunner.runChildren(ParentRunner.java:236)
	at org.junit.runners.ParentRunner.access$000(ParentRunner.java:53)
	at org.junit.runners.ParentRunner$2.evaluate(ParentRunner.java:229)
	at org.junit.internal.runners.statements.RunBefores.evaluate(RunBefores.java:26)
	at org.junit.runners.ParentRunner.run(ParentRunner.java:309)
	at org.eclipse.jdt.internal.junit4.runner.JUnit4TestReference.run(JUnit4TestReference.java:50)
	at org.eclipse.jdt.internal.junit.runner.TestExecution.run(TestExecution.java:38)
	at org.eclipse.jdt.internal.junit.runner.RemoteTestRunner.runTests(RemoteTestRunner.java:467)
	at org.eclipse.jdt.internal.junit.runner.RemoteTestRunner.runTests(RemoteTestRunner.java:683)
	at org.eclipse.jdt.internal.junit.runner.RemoteTestRunner.run(RemoteTestRunner.java:390)
	at org.codecover.juniteclipse.runner.EclipseTestRunner.main(EclipseTestRunner.java:40)
    </td>
    </tr>
    <tr class="testcases">
    <td class="testcases">
        March 8, 2014 12:47:36 PM MST
    </td>
    <td class="testcases">
        cabra.tests.Controller_Tests:addProject_positiveTest
    </td>
    <td class="testcases">
        
    </td>
    </tr>
    <tr class="testcases">
    <td class="testcases">
        March 8, 2014 12:47:36 PM MST
    </td>
    <td class="testcases">
        cabra.tests.Controller_Tests:addProject_positiveTest2
    </td>
    <td class="testcases">
        
    </td>
    </tr>
    <tr class="testcases">
    <td class="testcases">
        March 8, 2014 12:47:36 PM MST
    </td>
    <td class="testcases">
        cabra.tests.Controller_Tests:setActiveProject_positiveTest
    </td>
    <td class="testcases">
        
    </td>
    </tr>
    <tr class="testcases">
    <td class="testcases">
        March 8, 2014 12:47:36 PM MST
    </td>
    <td class="testcases">
        cabra.tests.Controller_Tests:setActiveProject_withNonExistantProjectName_test
    </td>
    <td class="testcases">
        
    </td>
    </tr>
    <tr class="testcases">
    <td class="testcases">
        March 8, 2014 12:47:37 PM MST
    </td>
    <td class="testcases">
        cabra.tests.Controller_Tests:renameProject_postiveTest
    </td>
    <td class="testcases">
        
    </td>
    </tr>
    <tr class="testcases">
    <td class="testcases">
        March 8, 2014 12:47:37 PM MST
    </td>
    <td class="testcases">
        cabra.tests.Controller_Tests:setNoActiveProject_positiveTest
    </td>
    <td class="testcases">
        
    </td>
    </tr>
    <tr class="testcases">
    <td class="testcases">
        March 8, 2014 12:47:37 PM MST
    </td>
    <td class="testcases">
        cabra.tests.Controller_Tests:renameProject_nullString_test
    </td>
    <td class="testcases">
        Failure
java.lang.AssertionError: Name of project expected:<p1> but was:<null>
	at org.junit.Assert.fail(Assert.java:88)
	at org.junit.Assert.failNotEquals(Assert.java:743)
	at org.junit.Assert.assertEquals(Assert.java:118)
	at cabra.tests.Controller_Tests.renameProject_nullString_test(Controller_Tests.java:208)
	at sun.reflect.NativeMethodAccessorImpl.invoke0(Native Method)
	at sun.reflect.NativeMethodAccessorImpl.invoke(NativeMethodAccessorImpl.java:57)
	at sun.reflect.DelegatingMethodAccessorImpl.invoke(DelegatingMethodAccessorImpl.java:43)
	at java.lang.reflect.Method.invoke(Method.java:606)
	at org.junit.runners.model.FrameworkMethod$1.runReflectiveCall(FrameworkMethod.java:47)
	at org.junit.internal.runners.model.ReflectiveCallable.run(ReflectiveCallable.java:12)
	at org.junit.runners.model.FrameworkMethod.invokeExplosively(FrameworkMethod.java:44)
	at org.junit.internal.runners.statements.InvokeMethod.evaluate(InvokeMethod.java:17)
	at org.junit.runners.ParentRunner.runLeaf(ParentRunner.java:271)
	at org.junit.runners.BlockJUnit4ClassRunner.runChild(BlockJUnit4ClassRunner.java:70)
	at org.junit.runners.BlockJUnit4ClassRunner.runChild(BlockJUnit4ClassRunner.java:50)
	at org.junit.runners.ParentRunner$3.run(ParentRunner.java:238)
	at org.junit.runners.ParentRunner$1.schedule(ParentRunner.java:63)
	at org.junit.runners.ParentRunner.runChildren(ParentRunner.java:236)
	at org.junit.runners.ParentRunner.access$000(ParentRunner.java:53)
	at org.junit.runners.ParentRunner$2.evaluate(ParentRunner.java:229)
	at org.junit.internal.runners.statements.RunBefores.evaluate(RunBefores.java:26)
	at org.junit.runners.ParentRunner.run(ParentRunner.java:309)
	at org.eclipse.jdt.internal.junit4.runner.JUnit4TestReference.run(JUnit4TestReference.java:50)
	at org.eclipse.jdt.internal.junit.runner.TestExecution.run(TestExecution.java:38)
	at org.eclipse.jdt.internal.junit.runner.RemoteTestRunner.runTests(RemoteTestRunner.java:467)
	at org.eclipse.jdt.internal.junit.runner.RemoteTestRunner.runTests(RemoteTestRunner.java:683)
	at org.eclipse.jdt.internal.junit.runner.RemoteTestRunner.run(RemoteTestRunner.java:390)
	at org.codecover.juniteclipse.runner.EclipseTestRunner.main(EclipseTestRunner.java:40)
    </td>
    </tr>
    <tr class="testcases">
    <td class="testcases">
        March 8, 2014 12:47:37 PM MST
    </td>
    <td class="testcases">
        cabra.tests.Controller_Tests:setActiveProject_withProjectName
    </td>
    <td class="testcases">
        
    </td>
    </tr>
    <tr class="testcases">
    <td class="testcases">
        March 8, 2014 12:47:38 PM MST
    </td>
    <td class="testcases">
        cabra.tests.Controller_Tests:setActiveProject_withNullProject_test
    </td>
    <td class="testcases">
        
    </td>
    </tr>
    <tr class="testcases">
    <td class="testcases">
        March 8, 2014 12:47:38 PM MST
    </td>
    <td class="testcases">
        cabra.tests.Controller_Tests:getNumberofProjects_mutltipleProjects_test
    </td>
    <td class="testcases">
        
    </td>
    </tr>
    <tr class="testcases">
    <td class="testcases">
        March 8, 2014 12:47:38 PM MST
    </td>
    <td class="testcases">
        cabra.tests.Controller_Tests:getPoints_noPoints_test
    </td>
    <td class="testcases">
        
    </td>
    </tr>
    <tr class="testcases">
    <td class="testcases">
        March 8, 2014 12:47:38 PM MST
    </td>
    <td class="testcases">
        cabra.tests.Controller_Tests:addProject_withEmptyName_test
    </td>
    <td class="testcases">
        Failure
java.lang.AssertionError: Number of projects expected:<0> but was:<1>
	at org.junit.Assert.fail(Assert.java:88)
	at org.junit.Assert.failNotEquals(Assert.java:743)
	at org.junit.Assert.assertEquals(Assert.java:118)
	at org.junit.Assert.assertEquals(Assert.java:555)
	at cabra.tests.Controller_Tests.addProject_withEmptyName_test(Controller_Tests.java:92)
	at sun.reflect.NativeMethodAccessorImpl.invoke0(Native Method)
	at sun.reflect.NativeMethodAccessorImpl.invoke(NativeMethodAccessorImpl.java:57)
	at sun.reflect.DelegatingMethodAccessorImpl.invoke(DelegatingMethodAccessorImpl.java:43)
	at java.lang.reflect.Method.invoke(Method.java:606)
	at org.junit.runners.model.FrameworkMethod$1.runReflectiveCall(FrameworkMethod.java:47)
	at org.junit.internal.runners.model.ReflectiveCallable.run(ReflectiveCallable.java:12)
	at org.junit.runners.model.FrameworkMethod.invokeExplosively(FrameworkMethod.java:44)
	at org.junit.internal.runners.statements.InvokeMethod.evaluate(InvokeMethod.java:17)
	at org.junit.runners.ParentRunner.runLeaf(ParentRunner.java:271)
	at org.junit.runners.BlockJUnit4ClassRunner.runChild(BlockJUnit4ClassRunner.java:70)
	at org.junit.runners.BlockJUnit4ClassRunner.runChild(BlockJUnit4ClassRunner.java:50)
	at org.junit.runners.ParentRunner$3.run(ParentRunner.java:238)
	at org.junit.runners.ParentRunner$1.schedule(ParentRunner.java:63)
	at org.junit.runners.ParentRunner.runChildren(ParentRunner.java:236)
	at org.junit.runners.ParentRunner.access$000(ParentRunner.java:53)
	at org.junit.runners.ParentRunner$2.evaluate(ParentRunner.java:229)
	at org.junit.internal.runners.statements.RunBefores.evaluate(RunBefores.java:26)
	at org.junit.runners.ParentRunner.run(ParentRunner.java:309)
	at org.eclipse.jdt.internal.junit4.runner.JUnit4TestReference.run(JUnit4TestReference.java:50)
	at org.eclipse.jdt.internal.junit.runner.TestExecution.run(TestExecution.java:38)
	at org.eclipse.jdt.internal.junit.runner.RemoteTestRunner.runTests(RemoteTestRunner.java:467)
	at org.eclipse.jdt.internal.junit.runner.RemoteTestRunner.runTests(RemoteTestRunner.java:683)
	at org.eclipse.jdt.internal.junit.runner.RemoteTestRunner.run(RemoteTestRunner.java:390)
	at org.codecover.juniteclipse.runner.EclipseTestRunner.main(EclipseTestRunner.java:40)
    </td>
    </tr>
    <tr class="testcases">
    <td class="testcases">
        March 8, 2014 12:47:39 PM MST
    </td>
    <td class="testcases">
        cabra.tests.Deck_Test:removeCard_nullCard_test
    </td>
    <td class="testcases">
        
    </td>
    </tr>
    <tr class="testcases">
    <td class="testcases">
        March 8, 2014 12:47:39 PM MST
    </td>
    <td class="testcases">
        cabra.tests.Deck_Test:numMatchingCards_postiveTest
    </td>
    <td class="testcases">
        
    </td>
    </tr>
    <tr class="testcases">
    <td class="testcases">
        March 8, 2014 12:47:39 PM MST
    </td>
    <td class="testcases">
        cabra.tests.Deck_Test:removeCard_postiveTest
    </td>
    <td class="testcases">
        
    </td>
    </tr>
    <tr class="testcases">
    <td class="testcases">
        March 8, 2014 12:47:39 PM MST
    </td>
    <td class="testcases">
        cabra.tests.Deck_Test:numCards_noCards_test
    </td>
    <td class="testcases">
        
    </td>
    </tr>
    <tr class="testcases">
    <td class="testcases">
        March 8, 2014 12:47:39 PM MST
    </td>
    <td class="testcases">
        cabra.tests.Deck_Test:removeCard_cardThatIsNotInDeck_test
    </td>
    <td class="testcases">
        
    </td>
    </tr>
    <tr class="testcases">
    <td class="testcases">
        March 8, 2014 12:47:39 PM MST
    </td>
    <td class="testcases">
        cabra.tests.Deck_Test:numMatchingCards_withZeroStatus_test
    </td>
    <td class="testcases">
        
    </td>
    </tr>
    <tr class="testcases">
    <td class="testcases">
        March 8, 2014 12:47:39 PM MST
    </td>
    <td class="testcases">
        cabra.tests.Deck_Test:addCard_nullCard_test
    </td>
    <td class="testcases">
        Failure
java.lang.AssertionError: Num of cards expected:<0> but was:<1>
	at org.junit.Assert.fail(Assert.java:88)
	at org.junit.Assert.failNotEquals(Assert.java:743)
	at org.junit.Assert.assertEquals(Assert.java:118)
	at org.junit.Assert.assertEquals(Assert.java:555)
	at cabra.tests.Deck_Test.addCard_nullCard_test(Deck_Test.java:48)
	at sun.reflect.NativeMethodAccessorImpl.invoke0(Native Method)
	at sun.reflect.NativeMethodAccessorImpl.invoke(NativeMethodAccessorImpl.java:57)
	at sun.reflect.DelegatingMethodAccessorImpl.invoke(DelegatingMethodAccessorImpl.java:43)
	at java.lang.reflect.Method.invoke(Method.java:606)
	at org.junit.runners.model.FrameworkMethod$1.runReflectiveCall(FrameworkMethod.java:47)
	at org.junit.internal.runners.model.ReflectiveCallable.run(ReflectiveCallable.java:12)
	at org.junit.runners.model.FrameworkMethod.invokeExplosively(FrameworkMethod.java:44)
	at org.junit.internal.runners.statements.InvokeMethod.evaluate(InvokeMethod.java:17)
	at org.junit.runners.ParentRunner.runLeaf(ParentRunner.java:271)
	at org.junit.runners.BlockJUnit4ClassRunner.runChild(BlockJUnit4ClassRunner.java:70)
	at org.junit.runners.BlockJUnit4ClassRunner.runChild(BlockJUnit4ClassRunner.java:50)
	at org.junit.runners.ParentRunner$3.run(ParentRunner.java:238)
	at org.junit.runners.ParentRunner$1.schedule(ParentRunner.java:63)
	at org.junit.runners.ParentRunner.runChildren(ParentRunner.java:236)
	at org.junit.runners.ParentRunner.access$000(ParentRunner.java:53)
	at org.junit.runners.ParentRunner$2.evaluate(ParentRunner.java:229)
	at org.junit.internal.runners.statements.RunBefores.evaluate(RunBefores.java:26)
	at org.junit.runners.ParentRunner.run(ParentRunner.java:309)
	at org.eclipse.jdt.internal.junit4.runner.JUnit4TestReference.run(JUnit4TestReference.java:50)
	at org.eclipse.jdt.internal.junit.runner.TestExecution.run(TestExecution.java:38)
	at org.eclipse.jdt.internal.junit.runner.RemoteTestRunner.runTests(RemoteTestRunner.java:467)
	at org.eclipse.jdt.internal.junit.runner.RemoteTestRunner.runTests(RemoteTestRunner.java:683)
	at org.eclipse.jdt.internal.junit.runner.RemoteTestRunner.run(RemoteTestRunner.java:390)
	at org.codecover.juniteclipse.runner.EclipseTestRunner.main(EclipseTestRunner.java:40)
    </td>
    </tr>
    <tr class="testcases">
    <td class="testcases">
        March 8, 2014 12:47:39 PM MST
    </td>
    <td class="testcases">
        cabra.tests.Deck_Test:numCards_postiveTest
    </td>
    <td class="testcases">
        
    </td>
    </tr>
    <tr class="testcases">
    <td class="testcases">
        March 8, 2014 12:47:39 PM MST
    </td>
    <td class="testcases">
        cabra.tests.Deck_Test:getCard_withEmptyDeck_test
    </td>
    <td class="testcases">
        
    </td>
    </tr>
    <tr class="testcases">
    <td class="testcases">
        March 8, 2014 12:47:39 PM MST
    </td>
    <td class="testcases">
        cabra.tests.Deck_Test:numMatchingCards_withNullStatus_test
    </td>
    <td class="testcases">
        
    </td>
    </tr>
    <tr class="testcases">
    <td class="testcases">
        March 8, 2014 12:47:39 PM MST
    </td>
    <td class="testcases">
        cabra.tests.Project_Test:testGetSession
    </td>
    <td class="testcases">
        
    </td>
    </tr>
    <tr class="testcases">
    <td class="testcases">
        March 8, 2014 12:47:39 PM MST
    </td>
    <td class="testcases">
        cabra.tests.Project_Test:testAddCard_Card_NoNameCard
    </td>
    <td class="testcases">
        Failure
junit.framework.AssertionFailedError: Adding an empty card to the project expected not same
	at junit.framework.Assert.fail(Assert.java:57)
	at junit.framework.Assert.failSame(Assert.java:320)
	at junit.framework.Assert.assertNotSame(Assert.java:306)
	at junit.framework.TestCase.assertNotSame(TestCase.java:475)
	at cabra.tests.Project_Test.testAddCard_Card_NoNameCard(Project_Test.java:293)
	at sun.reflect.NativeMethodAccessorImpl.invoke0(Native Method)
	at sun.reflect.NativeMethodAccessorImpl.invoke(NativeMethodAccessorImpl.java:57)
	at sun.reflect.DelegatingMethodAccessorImpl.invoke(DelegatingMethodAccessorImpl.java:43)
	at java.lang.reflect.Method.invoke(Method.java:606)
	at junit.framework.TestCase.runTest(TestCase.java:176)
	at junit.framework.TestCase.runBare(TestCase.java:141)
	at junit.framework.TestResult$1.protect(TestResult.java:122)
	at junit.framework.TestResult.runProtected(TestResult.java:142)
	at junit.framework.TestResult.run(TestResult.java:125)
	at junit.framework.TestCase.run(TestCase.java:129)
	at junit.framework.TestSuite.runTest(TestSuite.java:255)
	at junit.framework.TestSuite.run(TestSuite.java:250)
	at org.junit.internal.runners.JUnit38ClassRunner.run(JUnit38ClassRunner.java:84)
	at org.eclipse.jdt.internal.junit4.runner.JUnit4TestReference.run(JUnit4TestReference.java:50)
	at org.eclipse.jdt.internal.junit.runner.TestExecution.run(TestExecution.java:38)
	at org.eclipse.jdt.internal.junit.runner.RemoteTestRunner.runTests(RemoteTestRunner.java:467)
	at org.eclipse.jdt.internal.junit.runner.RemoteTestRunner.runTests(RemoteTestRunner.java:683)
	at org.eclipse.jdt.internal.junit.runner.RemoteTestRunner.run(RemoteTestRunner.java:390)
	at org.codecover.juniteclipse.runner.EclipseTestRunner.main(EclipseTestRunner.java:40)
    </td>
    </tr>
    <tr class="testcases">
    <td class="testcases">
        March 8, 2014 12:47:39 PM MST
    </td>
    <td class="testcases">
        cabra.tests.Project_Test:testGetCards
    </td>
    <td class="testcases">
        
    </td>
    </tr>
    <tr class="testcases">
    <td class="testcases">
        March 8, 2014 12:47:39 PM MST
    </td>
    <td class="testcases">
        cabra.tests.Project_Test:testGetNotes
    </td>
    <td class="testcases">
        
    </td>
    </tr>
    <tr class="testcases">
    <td class="testcases">
        March 8, 2014 12:47:39 PM MST
    </td>
    <td class="testcases">
        cabra.tests.Project_Test:testGetName_EmptyName
    </td>
    <td class="testcases">
        Failure
junit.framework.AssertionFailedError: Empty name expected not same
	at junit.framework.Assert.fail(Assert.java:57)
	at junit.framework.Assert.failSame(Assert.java:320)
	at junit.framework.Assert.assertNotSame(Assert.java:306)
	at junit.framework.TestCase.assertNotSame(TestCase.java:475)
	at cabra.tests.Project_Test.testGetName_EmptyName(Project_Test.java:558)
	at sun.reflect.NativeMethodAccessorImpl.invoke0(Native Method)
	at sun.reflect.NativeMethodAccessorImpl.invoke(NativeMethodAccessorImpl.java:57)
	at sun.reflect.DelegatingMethodAccessorImpl.invoke(DelegatingMethodAccessorImpl.java:43)
	at java.lang.reflect.Method.invoke(Method.java:606)
	at junit.framework.TestCase.runTest(TestCase.java:176)
	at junit.framework.TestCase.runBare(TestCase.java:141)
	at junit.framework.TestResult$1.protect(TestResult.java:122)
	at junit.framework.TestResult.runProtected(TestResult.java:142)
	at junit.framework.TestResult.run(TestResult.java:125)
	at junit.framework.TestCase.run(TestCase.java:129)
	at junit.framework.TestSuite.runTest(TestSuite.java:255)
	at junit.framework.TestSuite.run(TestSuite.java:250)
	at org.junit.internal.runners.JUnit38ClassRunner.run(JUnit38ClassRunner.java:84)
	at org.eclipse.jdt.internal.junit4.runner.JUnit4TestReference.run(JUnit4TestReference.java:50)
	at org.eclipse.jdt.internal.junit.runner.TestExecution.run(TestExecution.java:38)
	at org.eclipse.jdt.internal.junit.runner.RemoteTestRunner.runTests(RemoteTestRunner.java:467)
	at org.eclipse.jdt.internal.junit.runner.RemoteTestRunner.runTests(RemoteTestRunner.java:683)
	at org.eclipse.jdt.internal.junit.runner.RemoteTestRunner.run(RemoteTestRunner.java:390)
	at org.codecover.juniteclipse.runner.EclipseTestRunner.main(EclipseTestRunner.java:40)
    </td>
    </tr>
    <tr class="testcases">
    <td class="testcases">
        March 8, 2014 12:47:39 PM MST
    </td>
    <td class="testcases">
        cabra.tests.Project_Test:testAddCard_Card_NullCard
    </td>
    <td class="testcases">
        Error
java.lang.NullPointerException
	at cabra.Project.addCard(Project.java:182)
	at cabra.tests.Project_Test.testAddCard_Card_NullCard(Project_Test.java:304)
	at sun.reflect.NativeMethodAccessorImpl.invoke0(Native Method)
	at sun.reflect.NativeMethodAccessorImpl.invoke(NativeMethodAccessorImpl.java:57)
	at sun.reflect.DelegatingMethodAccessorImpl.invoke(DelegatingMethodAccessorImpl.java:43)
	at java.lang.reflect.Method.invoke(Method.java:606)
	at junit.framework.TestCase.runTest(TestCase.java:176)
	at junit.framework.TestCase.runBare(TestCase.java:141)
	at junit.framework.TestResult$1.protect(TestResult.java:122)
	at junit.framework.TestResult.runProtected(TestResult.java:142)
	at junit.framework.TestResult.run(TestResult.java:125)
	at junit.framework.TestCase.run(TestCase.java:129)
	at junit.framework.TestSuite.runTest(TestSuite.java:255)
	at junit.framework.TestSuite.run(TestSuite.java:250)
	at org.junit.internal.runners.JUnit38ClassRunner.run(JUnit38ClassRunner.java:84)
	at org.eclipse.jdt.internal.junit4.runner.JUnit4TestReference.run(JUnit4TestReference.java:50)
	at org.eclipse.jdt.internal.junit.runner.TestExecution.run(TestExecution.java:38)
	at org.eclipse.jdt.internal.junit.runner.RemoteTestRunner.runTests(RemoteTestRunner.java:467)
	at org.eclipse.jdt.internal.junit.runner.RemoteTestRunner.runTests(RemoteTestRunner.java:683)
	at org.eclipse.jdt.internal.junit.runner.RemoteTestRunner.run(RemoteTestRunner.java:390)
	at org.codecover.juniteclipse.runner.EclipseTestRunner.main(EclipseTestRunner.java:40)
    </td>
    </tr>
    <tr class="testcases">
    <td class="testcases">
        March 8, 2014 12:47:39 PM MST
    </td>
    <td class="testcases">
        cabra.tests.Project_Test:testGetCurrentIndex
    </td>
    <td class="testcases">
        
    </td>
    </tr>
    <tr class="testcases">
    <td class="testcases">
        March 8, 2014 12:47:39 PM MST
    </td>
    <td class="testcases">
        cabra.tests.Project_Test:testGetCurrentCard
    </td>
    <td class="testcases">
        Failure
junit.framework.AssertionFailedError: Get current card Test expected:<A0//Q//A// > but was:<null>
	at junit.framework.Assert.fail(Assert.java:57)
	at junit.framework.Assert.failNotEquals(Assert.java:329)
	at junit.framework.Assert.assertEquals(Assert.java:78)
	at junit.framework.TestCase.assertEquals(TestCase.java:244)
	at cabra.tests.Project_Test.testGetCurrentCard(Project_Test.java:762)
	at sun.reflect.NativeMethodAccessorImpl.invoke0(Native Method)
	at sun.reflect.NativeMethodAccessorImpl.invoke(NativeMethodAccessorImpl.java:57)
	at sun.reflect.DelegatingMethodAccessorImpl.invoke(DelegatingMethodAccessorImpl.java:43)
	at java.lang.reflect.Method.invoke(Method.java:606)
	at junit.framework.TestCase.runTest(TestCase.java:176)
	at junit.framework.TestCase.runBare(TestCase.java:141)
	at junit.framework.TestResult$1.protect(TestResult.java:122)
	at junit.framework.TestResult.runProtected(TestResult.java:142)
	at junit.framework.TestResult.run(TestResult.java:125)
	at junit.framework.TestCase.run(TestCase.java:129)
	at junit.framework.TestSuite.runTest(TestSuite.java:255)
	at junit.framework.TestSuite.run(TestSuite.java:250)
	at org.junit.internal.runners.JUnit38ClassRunner.run(JUnit38ClassRunner.java:84)
	at org.eclipse.jdt.internal.junit4.runner.JUnit4TestReference.run(JUnit4TestReference.java:50)
	at org.eclipse.jdt.internal.junit.runner.TestExecution.run(TestExecution.java:38)
	at org.eclipse.jdt.internal.junit.runner.RemoteTestRunner.runTests(RemoteTestRunner.java:467)
	at org.eclipse.jdt.internal.junit.runner.RemoteTestRunner.runTests(RemoteTestRunner.java:683)
	at org.eclipse.jdt.internal.junit.runner.RemoteTestRunner.run(RemoteTestRunner.java:390)
	at org.codecover.juniteclipse.runner.EclipseTestRunner.main(EclipseTestRunner.java:40)
    </td>
    </tr>
    <tr class="testcases">
    <td class="testcases">
        March 8, 2014 12:47:39 PM MST
    </td>
    <td class="testcases">
        cabra.tests.Project_Test:testNumCards
    </td>
    <td class="testcases">
        
    </td>
    </tr>
    <tr class="testcases">
    <td class="testcases">
        March 8, 2014 12:47:39 PM MST
    </td>
    <td class="testcases">
        cabra.tests.Project_Test:testNumNotes
    </td>
    <td class="testcases">
        
    </td>
    </tr>
    <tr class="testcases">
    <td class="testcases">
        March 8, 2014 12:47:39 PM MST
    </td>
    <td class="testcases">
        cabra.tests.Project_Test:testToString
    </td>
    <td class="testcases">
        
    </td>
    </tr>
    <tr class="testcases">
    <td class="testcases">
        March 8, 2014 12:47:39 PM MST
    </td>
    <td class="testcases">
        cabra.tests.Project_Test:testNumNotes_NoNotes
    </td>
    <td class="testcases">
        
    </td>
    </tr>
    <tr class="testcases">
    <td class="testcases">
        March 8, 2014 12:47:39 PM MST
    </td>
    <td class="testcases">
        cabra.tests.Project_Test:testNumCards_ProjectContainsCards
    </td>
    <td class="testcases">
        
    </td>
    </tr>
    <tr class="testcases">
    <td class="testcases">
        March 8, 2014 12:47:39 PM MST
    </td>
    <td class="testcases">
        cabra.tests.Project_Test:testSetName_NullName
    </td>
    <td class="testcases">
        Failure
junit.framework.AssertionFailedError
	at junit.framework.Assert.fail(Assert.java:55)
	at junit.framework.Assert.assertTrue(Assert.java:22)
	at junit.framework.Assert.assertNotNull(Assert.java:256)
	at junit.framework.Assert.assertNotNull(Assert.java:248)
	at junit.framework.TestCase.assertNotNull(TestCase.java:417)
	at cabra.tests.Project_Test.testSetName_NullName(Project_Test.java:619)
	at sun.reflect.NativeMethodAccessorImpl.invoke0(Native Method)
	at sun.reflect.NativeMethodAccessorImpl.invoke(NativeMethodAccessorImpl.java:57)
	at sun.reflect.DelegatingMethodAccessorImpl.invoke(DelegatingMethodAccessorImpl.java:43)
	at java.lang.reflect.Method.invoke(Method.java:606)
	at junit.framework.TestCase.runTest(TestCase.java:176)
	at junit.framework.TestCase.runBare(TestCase.java:141)
	at junit.framework.TestResult$1.protect(TestResult.java:122)
	at junit.framework.TestResult.runProtected(TestResult.java:142)
	at junit.framework.TestResult.run(TestResult.java:125)
	at junit.framework.TestCase.run(TestCase.java:129)
	at junit.framework.TestSuite.runTest(TestSuite.java:255)
	at junit.framework.TestSuite.run(TestSuite.java:250)
	at org.junit.internal.runners.JUnit38ClassRunner.run(JUnit38ClassRunner.java:84)
	at org.eclipse.jdt.internal.junit4.runner.JUnit4TestReference.run(JUnit4TestReference.java:50)
	at org.eclipse.jdt.internal.junit.runner.TestExecution.run(TestExecution.java:38)
	at org.eclipse.jdt.internal.junit.runner.RemoteTestRunner.runTests(RemoteTestRunner.java:467)
	at org.eclipse.jdt.internal.junit.runner.RemoteTestRunner.runTests(RemoteTestRunner.java:683)
	at org.eclipse.jdt.internal.junit.runner.RemoteTestRunner.run(RemoteTestRunner.java:390)
	at org.codecover.juniteclipse.runner.EclipseTestRunner.main(EclipseTestRunner.java:40)
    </td>
    </tr>
    <tr class="testcases">
    <td class="testcases">
        March 8, 2014 12:47:39 PM MST
    </td>
    <td class="testcases">
        cabra.tests.Project_Test:testAddCards
    </td>
    <td class="testcases">
        
    </td>
    </tr>
    <tr class="testcases">
    <td class="testcases">
        March 8, 2014 12:47:39 PM MST
    </td>
    <td class="testcases">
        cabra.tests.Project_Test:testGetName
    </td>
    <td class="testcases">
        
    </td>
    </tr>
    <tr class="testcases">
    <td class="testcases">
        March 8, 2014 12:47:39 PM MST
    </td>
    <td class="testcases">
        cabra.tests.Project_Test:testSetSession
    </td>
    <td class="testcases">
        
    </td>
    </tr>
    <tr class="testcases">
    <td class="testcases">
        March 8, 2014 12:47:39 PM MST
    </td>
    <td class="testcases">
        cabra.tests.Project_Test:testGetName_NotNull
    </td>
    <td class="testcases">
        
    </td>
    </tr>
    <tr class="testcases">
    <td class="testcases">
        March 8, 2014 12:47:39 PM MST
    </td>
    <td class="testcases">
        cabra.tests.Project_Test:testRemoveCard
    </td>
    <td class="testcases">
        
    </td>
    </tr>
    <tr class="testcases">
    <td class="testcases">
        March 8, 2014 12:47:39 PM MST
    </td>
    <td class="testcases">
        cabra.tests.Project_Test:testRemoveNote
    </td>
    <td class="testcases">
        
    </td>
    </tr>
    <tr class="testcases">
    <td class="testcases">
        March 8, 2014 12:47:39 PM MST
    </td>
    <td class="testcases">
        cabra.tests.Project_Test:testAddNote_NoName
    </td>
    <td class="testcases">
        Failure
junit.framework.AssertionFailedError: Adding a new note to the project with an empty name expected not same
	at junit.framework.Assert.fail(Assert.java:57)
	at junit.framework.Assert.failSame(Assert.java:320)
	at junit.framework.Assert.assertNotSame(Assert.java:306)
	at junit.framework.TestCase.assertNotSame(TestCase.java:475)
	at cabra.tests.Project_Test.testAddNote_NoName(Project_Test.java:129)
	at sun.reflect.NativeMethodAccessorImpl.invoke0(Native Method)
	at sun.reflect.NativeMethodAccessorImpl.invoke(NativeMethodAccessorImpl.java:57)
	at sun.reflect.DelegatingMethodAccessorImpl.invoke(DelegatingMethodAccessorImpl.java:43)
	at java.lang.reflect.Method.invoke(Method.java:606)
	at junit.framework.TestCase.runTest(TestCase.java:176)
	at junit.framework.TestCase.runBare(TestCase.java:141)
	at junit.framework.TestResult$1.protect(TestResult.java:122)
	at junit.framework.TestResult.runProtected(TestResult.java:142)
	at junit.framework.TestResult.run(TestResult.java:125)
	at junit.framework.TestCase.run(TestCase.java:129)
	at junit.framework.TestSuite.runTest(TestSuite.java:255)
	at junit.framework.TestSuite.run(TestSuite.java:250)
	at org.junit.internal.runners.JUnit38ClassRunner.run(JUnit38ClassRunner.java:84)
	at org.eclipse.jdt.internal.junit4.runner.JUnit4TestReference.run(JUnit4TestReference.java:50)
	at org.eclipse.jdt.internal.junit.runner.TestExecution.run(TestExecution.java:38)
	at org.eclipse.jdt.internal.junit.runner.RemoteTestRunner.runTests(RemoteTestRunner.java:467)
	at org.eclipse.jdt.internal.junit.runner.RemoteTestRunner.runTests(RemoteTestRunner.java:683)
	at org.eclipse.jdt.internal.junit.runner.RemoteTestRunner.run(RemoteTestRunner.java:390)
	at org.codecover.juniteclipse.runner.EclipseTestRunner.main(EclipseTestRunner.java:40)
    </td>
    </tr>
    <tr class="testcases">
    <td class="testcases">
        March 8, 2014 12:47:39 PM MST
    </td>
    <td class="testcases">
        cabra.tests.Project_Test:testSetSession_WithNullSession
    </td>
    <td class="testcases">
        Failure
junit.framework.AssertionFailedError
	at junit.framework.Assert.fail(Assert.java:55)
	at junit.framework.Assert.assertTrue(Assert.java:22)
	at junit.framework.Assert.assertNotNull(Assert.java:256)
	at junit.framework.Assert.assertNotNull(Assert.java:248)
	at junit.framework.TestCase.assertNotNull(TestCase.java:417)
	at cabra.tests.Project_Test.testSetSession_WithNullSession(Project_Test.java:52)
	at sun.reflect.NativeMethodAccessorImpl.invoke0(Native Method)
	at sun.reflect.NativeMethodAccessorImpl.invoke(NativeMethodAccessorImpl.java:57)
	at sun.reflect.DelegatingMethodAccessorImpl.invoke(DelegatingMethodAccessorImpl.java:43)
	at java.lang.reflect.Method.invoke(Method.java:606)
	at junit.framework.TestCase.runTest(TestCase.java:176)
	at junit.framework.TestCase.runBare(TestCase.java:141)
	at junit.framework.TestResult$1.protect(TestResult.java:122)
	at junit.framework.TestResult.runProtected(TestResult.java:142)
	at junit.framework.TestResult.run(TestResult.java:125)
	at junit.framework.TestCase.run(TestCase.java:129)
	at junit.framework.TestSuite.runTest(TestSuite.java:255)
	at junit.framework.TestSuite.run(TestSuite.java:250)
	at org.junit.internal.runners.JUnit38ClassRunner.run(JUnit38ClassRunner.java:84)
	at org.eclipse.jdt.internal.junit4.runner.JUnit4TestReference.run(JUnit4TestReference.java:50)
	at org.eclipse.jdt.internal.junit.runner.TestExecution.run(TestExecution.java:38)
	at org.eclipse.jdt.internal.junit.runner.RemoteTestRunner.runTests(RemoteTestRunner.java:467)
	at org.eclipse.jdt.internal.junit.runner.RemoteTestRunner.runTests(RemoteTestRunner.java:683)
	at org.eclipse.jdt.internal.junit.runner.RemoteTestRunner.run(RemoteTestRunner.java:390)
	at org.codecover.juniteclipse.runner.EclipseTestRunner.main(EclipseTestRunner.java:40)
    </td>
    </tr>
    <tr class="testcases">
    <td class="testcases">
        March 8, 2014 12:47:39 PM MST
    </td>
    <td class="testcases">
        cabra.tests.Project_Test:testAddCards_NoCardsWereGiven
    </td>
    <td class="testcases">
        Error
java.lang.NullPointerException
	at cabra.Project.addCards(Project.java:189)
	at cabra.tests.Project_Test.testAddCards_NoCardsWereGiven(Project_Test.java:343)
	at sun.reflect.NativeMethodAccessorImpl.invoke0(Native Method)
	at sun.reflect.NativeMethodAccessorImpl.invoke(NativeMethodAccessorImpl.java:57)
	at sun.reflect.DelegatingMethodAccessorImpl.invoke(DelegatingMethodAccessorImpl.java:43)
	at java.lang.reflect.Method.invoke(Method.java:606)
	at junit.framework.TestCase.runTest(TestCase.java:176)
	at junit.framework.TestCase.runBare(TestCase.java:141)
	at junit.framework.TestResult$1.protect(TestResult.java:122)
	at junit.framework.TestResult.runProtected(TestResult.java:142)
	at junit.framework.TestResult.run(TestResult.java:125)
	at junit.framework.TestCase.run(TestCase.java:129)
	at junit.framework.TestSuite.runTest(TestSuite.java:255)
	at junit.framework.TestSuite.run(TestSuite.java:250)
	at org.junit.internal.runners.JUnit38ClassRunner.run(JUnit38ClassRunner.java:84)
	at org.eclipse.jdt.internal.junit4.runner.JUnit4TestReference.run(JUnit4TestReference.java:50)
	at org.eclipse.jdt.internal.junit.runner.TestExecution.run(TestExecution.java:38)
	at org.eclipse.jdt.internal.junit.runner.RemoteTestRunner.runTests(RemoteTestRunner.java:467)
	at org.eclipse.jdt.internal.junit.runner.RemoteTestRunner.runTests(RemoteTestRunner.java:683)
	at org.eclipse.jdt.internal.junit.runner.RemoteTestRunner.run(RemoteTestRunner.java:390)
	at org.codecover.juniteclipse.runner.EclipseTestRunner.main(EclipseTestRunner.java:40)
    </td>
    </tr>
    <tr class="testcases">
    <td class="testcases">
        March 8, 2014 12:47:39 PM MST
    </td>
    <td class="testcases">
        cabra.tests.Project_Test:testAddCard_Card
    </td>
    <td class="testcases">
        
    </td>
    </tr>
    <tr class="testcases">
    <td class="testcases">
        March 8, 2014 12:47:39 PM MST
    </td>
    <td class="testcases">
        cabra.tests.Project_Test:testAddNullNote
    </td>
    <td class="testcases">
        Failure
junit.framework.AssertionFailedError
	at junit.framework.Assert.fail(Assert.java:55)
	at junit.framework.Assert.assertTrue(Assert.java:22)
	at junit.framework.Assert.assertNotNull(Assert.java:256)
	at junit.framework.Assert.assertNotNull(Assert.java:248)
	at junit.framework.TestCase.assertNotNull(TestCase.java:417)
	at cabra.tests.Project_Test.testAddNullNote(Project_Test.java:113)
	at sun.reflect.NativeMethodAccessorImpl.invoke0(Native Method)
	at sun.reflect.NativeMethodAccessorImpl.invoke(NativeMethodAccessorImpl.java:57)
	at sun.reflect.DelegatingMethodAccessorImpl.invoke(DelegatingMethodAccessorImpl.java:43)
	at java.lang.reflect.Method.invoke(Method.java:606)
	at junit.framework.TestCase.runTest(TestCase.java:176)
	at junit.framework.TestCase.runBare(TestCase.java:141)
	at junit.framework.TestResult$1.protect(TestResult.java:122)
	at junit.framework.TestResult.runProtected(TestResult.java:142)
	at junit.framework.TestResult.run(TestResult.java:125)
	at junit.framework.TestCase.run(TestCase.java:129)
	at junit.framework.TestSuite.runTest(TestSuite.java:255)
	at junit.framework.TestSuite.run(TestSuite.java:250)
	at org.junit.internal.runners.JUnit38ClassRunner.run(JUnit38ClassRunner.java:84)
	at org.eclipse.jdt.internal.junit4.runner.JUnit4TestReference.run(JUnit4TestReference.java:50)
	at org.eclipse.jdt.internal.junit.runner.TestExecution.run(TestExecution.java:38)
	at org.eclipse.jdt.internal.junit.runner.RemoteTestRunner.runTests(RemoteTestRunner.java:467)
	at org.eclipse.jdt.internal.junit.runner.RemoteTestRunner.runTests(RemoteTestRunner.java:683)
	at org.eclipse.jdt.internal.junit.runner.RemoteTestRunner.run(RemoteTestRunner.java:390)
	at org.codecover.juniteclipse.runner.EclipseTestRunner.main(EclipseTestRunner.java:40)
    </td>
    </tr>
    <tr class="testcases">
    <td class="testcases">
        March 8, 2014 12:47:39 PM MST
    </td>
    <td class="testcases">
        cabra.tests.Project_Test:testSaveCards
    </td>
    <td class="testcases">
        
    </td>
    </tr>
    <tr class="testcases">
    <td class="testcases">
        March 8, 2014 12:47:39 PM MST
    </td>
    <td class="testcases">
        cabra.tests.Project_Test:testSaveNotes
    </td>
    <td class="testcases">
        
    </td>
    </tr>
    <tr class="testcases">
    <td class="testcases">
        March 8, 2014 12:47:39 PM MST
    </td>
    <td class="testcases">
        cabra.tests.Project_Test:testRemoveNote_NoteNotInProject
    </td>
    <td class="testcases">
        
    </td>
    </tr>
    <tr class="testcases">
    <td class="testcases">
        March 8, 2014 12:47:39 PM MST
    </td>
    <td class="testcases">
        cabra.tests.Project_Test:testRemoveCard_CardNotInProject
    </td>
    <td class="testcases">
        Failure
junit.framework.AssertionFailedError: No card was removed since the card did not exist in the project expected:<A0//Add//No// > but was:<null>
	at junit.framework.Assert.fail(Assert.java:57)
	at junit.framework.Assert.failNotEquals(Assert.java:329)
	at junit.framework.Assert.assertEquals(Assert.java:78)
	at junit.framework.TestCase.assertEquals(TestCase.java:244)
	at cabra.tests.Project_Test.testRemoveCard_CardNotInProject(Project_Test.java:402)
	at sun.reflect.NativeMethodAccessorImpl.invoke0(Native Method)
	at sun.reflect.NativeMethodAccessorImpl.invoke(NativeMethodAccessorImpl.java:57)
	at sun.reflect.DelegatingMethodAccessorImpl.invoke(DelegatingMethodAccessorImpl.java:43)
	at java.lang.reflect.Method.invoke(Method.java:606)
	at junit.framework.TestCase.runTest(TestCase.java:176)
	at junit.framework.TestCase.runBare(TestCase.java:141)
	at junit.framework.TestResult$1.protect(TestResult.java:122)
	at junit.framework.TestResult.runProtected(TestResult.java:142)
	at junit.framework.TestResult.run(TestResult.java:125)
	at junit.framework.TestCase.run(TestCase.java:129)
	at junit.framework.TestSuite.runTest(TestSuite.java:255)
	at junit.framework.TestSuite.run(TestSuite.java:250)
	at org.junit.internal.runners.JUnit38ClassRunner.run(JUnit38ClassRunner.java:84)
	at org.eclipse.jdt.internal.junit4.runner.JUnit4TestReference.run(JUnit4TestReference.java:50)
	at org.eclipse.jdt.internal.junit.runner.TestExecution.run(TestExecution.java:38)
	at org.eclipse.jdt.internal.junit.runner.RemoteTestRunner.runTests(RemoteTestRunner.java:467)
	at org.eclipse.jdt.internal.junit.runner.RemoteTestRunner.runTests(RemoteTestRunner.java:683)
	at org.eclipse.jdt.internal.junit.runner.RemoteTestRunner.run(RemoteTestRunner.java:390)
	at org.codecover.juniteclipse.runner.EclipseTestRunner.main(EclipseTestRunner.java:40)
    </td>
    </tr>
    <tr class="testcases">
    <td class="testcases">
        March 8, 2014 12:47:39 PM MST
    </td>
    <td class="testcases">
        cabra.tests.Project_Test:testSetName
    </td>
    <td class="testcases">
        
    </td>
    </tr>
    <tr class="testcases">
    <td class="testcases">
        March 8, 2014 12:47:39 PM MST
    </td>
    <td class="testcases">
        cabra.tests.Project_Test:testIsEmpty
    </td>
    <td class="testcases">
        
    </td>
    </tr>
    <tr class="testcases">
    <td class="testcases">
        March 8, 2014 12:47:39 PM MST
    </td>
    <td class="testcases">
        cabra.tests.Project_Test:testShuffle
    </td>
    <td class="testcases">
        
    </td>
    </tr>
    <tr class="testcases">
    <td class="testcases">
        March 8, 2014 12:47:39 PM MST
    </td>
    <td class="testcases">
        cabra.tests.Project_Test:testSetName_EmptyName
    </td>
    <td class="testcases">
        Failure
junit.framework.AssertionFailedError: Setname works correctly expected not same
	at junit.framework.Assert.fail(Assert.java:57)
	at junit.framework.Assert.failSame(Assert.java:320)
	at junit.framework.Assert.assertNotSame(Assert.java:306)
	at junit.framework.TestCase.assertNotSame(TestCase.java:475)
	at cabra.tests.Project_Test.testSetName_EmptyName(Project_Test.java:604)
	at sun.reflect.NativeMethodAccessorImpl.invoke0(Native Method)
	at sun.reflect.NativeMethodAccessorImpl.invoke(NativeMethodAccessorImpl.java:57)
	at sun.reflect.DelegatingMethodAccessorImpl.invoke(DelegatingMethodAccessorImpl.java:43)
	at java.lang.reflect.Method.invoke(Method.java:606)
	at junit.framework.TestCase.runTest(TestCase.java:176)
	at junit.framework.TestCase.runBare(TestCase.java:141)
	at junit.framework.TestResult$1.protect(TestResult.java:122)
	at junit.framework.TestResult.runProtected(TestResult.java:142)
	at junit.framework.TestResult.run(TestResult.java:125)
	at junit.framework.TestCase.run(TestCase.java:129)
	at junit.framework.TestSuite.runTest(TestSuite.java:255)
	at junit.framework.TestSuite.run(TestSuite.java:250)
	at org.junit.internal.runners.JUnit38ClassRunner.run(JUnit38ClassRunner.java:84)
	at org.eclipse.jdt.internal.junit4.runner.JUnit4TestReference.run(JUnit4TestReference.java:50)
	at org.eclipse.jdt.internal.junit.runner.TestExecution.run(TestExecution.java:38)
	at org.eclipse.jdt.internal.junit.runner.RemoteTestRunner.runTests(RemoteTestRunner.java:467)
	at org.eclipse.jdt.internal.junit.runner.RemoteTestRunner.runTests(RemoteTestRunner.java:683)
	at org.eclipse.jdt.internal.junit.runner.RemoteTestRunner.run(RemoteTestRunner.java:390)
	at org.codecover.juniteclipse.runner.EclipseTestRunner.main(EclipseTestRunner.java:40)
    </td>
    </tr>
    <tr class="testcases">
    <td class="testcases">
        March 8, 2014 12:47:39 PM MST
    </td>
    <td class="testcases">
        cabra.tests.Project_Test:testLoadNotes
    </td>
    <td class="testcases">
        Error
java.lang.NullPointerException
	at cabra.SaveLoad.getNotesFromProject(SaveLoad.java:147)
	at cabra.Project.loadNotes(Project.java:357)
	at cabra.tests.Project_Test.testLoadNotes(Project_Test.java:486)
	at sun.reflect.NativeMethodAccessorImpl.invoke0(Native Method)
	at sun.reflect.NativeMethodAccessorImpl.invoke(NativeMethodAccessorImpl.java:57)
	at sun.reflect.DelegatingMethodAccessorImpl.invoke(DelegatingMethodAccessorImpl.java:43)
	at java.lang.reflect.Method.invoke(Method.java:606)
	at junit.framework.TestCase.runTest(TestCase.java:176)
	at junit.framework.TestCase.runBare(TestCase.java:141)
	at junit.framework.TestResult$1.protect(TestResult.java:122)
	at junit.framework.TestResult.runProtected(TestResult.java:142)
	at junit.framework.TestResult.run(TestResult.java:125)
	at junit.framework.TestCase.run(TestCase.java:129)
	at junit.framework.TestSuite.runTest(TestSuite.java:255)
	at junit.framework.TestSuite.run(TestSuite.java:250)
	at org.junit.internal.runners.JUnit38ClassRunner.run(JUnit38ClassRunner.java:84)
	at org.eclipse.jdt.internal.junit4.runner.JUnit4TestReference.run(JUnit4TestReference.java:50)
	at org.eclipse.jdt.internal.junit.runner.TestExecution.run(TestExecution.java:38)
	at org.eclipse.jdt.internal.junit.runner.RemoteTestRunner.runTests(RemoteTestRunner.java:467)
	at org.eclipse.jdt.internal.junit.runner.RemoteTestRunner.runTests(RemoteTestRunner.java:683)
	at org.eclipse.jdt.internal.junit.runner.RemoteTestRunner.run(RemoteTestRunner.java:390)
	at org.codecover.juniteclipse.runner.EclipseTestRunner.main(EclipseTestRunner.java:40)
    </td>
    </tr>
    <tr class="testcases">
    <td class="testcases">
        March 8, 2014 12:47:39 PM MST
    </td>
    <td class="testcases">
        cabra.tests.Project_Test:testNextCard
    </td>
    <td class="testcases">
        
    </td>
    </tr>
    <tr class="testcases">
    <td class="testcases">
        March 8, 2014 12:47:39 PM MST
    </td>
    <td class="testcases">
        cabra.tests.Utils_Test:stringFromArray_positive_test
    </td>
    <td class="testcases">
        
    </td>
    </tr>
    <tr class="testcases">
    <td class="testcases">
        March 8, 2014 12:47:39 PM MST
    </td>
    <td class="testcases">
        cabra.tests.Utils_Test:stringWithPlural_one_element_test
    </td>
    <td class="testcases">
        
    </td>
    </tr>
    <tr class="testcases">
    <td class="testcases">
        March 8, 2014 12:47:39 PM MST
    </td>
    <td class="testcases">
        cabra.tests.Utils_Test:arraySum_positive_test
    </td>
    <td class="testcases">
        
    </td>
    </tr>
    <tr class="testcases">
    <td class="testcases">
        March 8, 2014 12:47:39 PM MST
    </td>
    <td class="testcases">
        cabra.tests.Utils_Test:arrayFromString_empty_test
    </td>
    <td class="testcases">
        
    </td>
    </tr>
    <tr class="testcases">
    <td class="testcases">
        March 8, 2014 12:47:39 PM MST
    </td>
    <td class="testcases">
        cabra.tests.Utils_Test:dayToMillis_year_test
    </td>
    <td class="testcases">
        Failure
java.lang.AssertionError: Utils.arraySum returned an unexpected result
 expected:<31536000000> but was:<1471228928>
	at org.junit.Assert.fail(Assert.java:88)
	at org.junit.Assert.failNotEquals(Assert.java:743)
	at org.junit.Assert.assertEquals(Assert.java:118)
	at cabra.tests.Utils_Test.dayToMillis_year_test(Utils_Test.java:139)
	at sun.reflect.NativeMethodAccessorImpl.invoke0(Native Method)
	at sun.reflect.NativeMethodAccessorImpl.invoke(NativeMethodAccessorImpl.java:57)
	at sun.reflect.DelegatingMethodAccessorImpl.invoke(DelegatingMethodAccessorImpl.java:43)
	at java.lang.reflect.Method.invoke(Method.java:606)
	at org.junit.runners.model.FrameworkMethod$1.runReflectiveCall(FrameworkMethod.java:47)
	at org.junit.internal.runners.model.ReflectiveCallable.run(ReflectiveCallable.java:12)
	at org.junit.runners.model.FrameworkMethod.invokeExplosively(FrameworkMethod.java:44)
	at org.junit.internal.runners.statements.InvokeMethod.evaluate(InvokeMethod.java:17)
	at org.junit.runners.ParentRunner.runLeaf(ParentRunner.java:271)
	at org.junit.runners.BlockJUnit4ClassRunner.runChild(BlockJUnit4ClassRunner.java:70)
	at org.junit.runners.BlockJUnit4ClassRunner.runChild(BlockJUnit4ClassRunner.java:50)
	at org.junit.runners.ParentRunner$3.run(ParentRunner.java:238)
	at org.junit.runners.ParentRunner$1.schedule(ParentRunner.java:63)
	at org.junit.runners.ParentRunner.runChildren(ParentRunner.java:236)
	at org.junit.runners.ParentRunner.access$000(ParentRunner.java:53)
	at org.junit.runners.ParentRunner$2.evaluate(ParentRunner.java:229)
	at org.junit.runners.ParentRunner.run(ParentRunner.java:309)
	at org.eclipse.jdt.internal.junit4.runner.JUnit4TestReference.run(JUnit4TestReference.java:50)
	at org.eclipse.jdt.internal.junit.runner.TestExecution.run(TestExecution.java:38)
	at org.eclipse.jdt.internal.junit.runner.RemoteTestRunner.runTests(RemoteTestRunner.java:467)
	at org.eclipse.jdt.internal.junit.runner.RemoteTestRunner.runTests(RemoteTestRunner.java:683)
	at org.eclipse.jdt.internal.junit.runner.RemoteTestRunner.run(RemoteTestRunner.java:390)
	at org.codecover.juniteclipse.runner.EclipseTestRunner.main(EclipseTestRunner.java:40)
    </td>
    </tr>
    <tr class="testcases">
    <td class="testcases">
        March 8, 2014 12:47:39 PM MST
    </td>
    <td class="testcases">
        cabra.tests.Utils_Test:toPercent_positive_negnum_test
    </td>
    <td class="testcases">
        
    </td>
    </tr>
    <tr class="testcases">
    <td class="testcases">
        March 8, 2014 12:47:39 PM MST
    </td>
    <td class="testcases">
        cabra.tests.Utils_Test:stringWithPlural_positive_test
    </td>
    <td class="testcases">
        
    </td>
    </tr>
    <tr class="testcases">
    <td class="testcases">
        March 8, 2014 12:47:39 PM MST
    </td>
    <td class="testcases">
        cabra.tests.Utils_Test:stringFromArray_empty_test
    </td>
    <td class="testcases">
        
    </td>
    </tr>
    <tr class="testcases">
    <td class="testcases">
        March 8, 2014 12:47:39 PM MST
    </td>
    <td class="testcases">
        cabra.tests.Utils_Test:dayToMillis_zero_test
    </td>
    <td class="testcases">
        
    </td>
    </tr>
    <tr class="testcases">
    <td class="testcases">
        March 8, 2014 12:47:39 PM MST
    </td>
    <td class="testcases">
        cabra.tests.Utils_Test:arrayFromString_positive_test
    </td>
    <td class="testcases">
        
    </td>
    </tr>
    <tr class="testcases">
    <td class="testcases">
        March 8, 2014 12:47:39 PM MST
    </td>
    <td class="testcases">
        cabra.tests.Utils_Test:endsWith_doesnt_endwith_test
    </td>
    <td class="testcases">
        
    </td>
    </tr>
    <tr class="testcases">
    <td class="testcases">
        March 8, 2014 12:47:39 PM MST
    </td>
    <td class="testcases">
        cabra.tests.Utils_Test:getExtension_mult_file_extension_test
    </td>
    <td class="testcases">
        
    </td>
    </tr>
    <tr class="testcases">
    <td class="testcases">
        March 8, 2014 12:47:39 PM MST
    </td>
    <td class="testcases">
        cabra.tests.Utils_Test:toPercent_positive_test
    </td>
    <td class="testcases">
        
    </td>
    </tr>
    <tr class="testcases">
    <td class="testcases">
        March 8, 2014 12:47:39 PM MST
    </td>
    <td class="testcases">
        cabra.tests.Utils_Test:endsWith_file_extension_test
    </td>
    <td class="testcases">
        
    </td>
    </tr>
    <tr class="testcases">
    <td class="testcases">
        March 8, 2014 12:47:39 PM MST
    </td>
    <td class="testcases">
        cabra.tests.Utils_Test:endsWith_mult_file_extension_test
    </td>
    <td class="testcases">
        
    </td>
    </tr>
    <tr class="testcases">
    <td class="testcases">
        March 8, 2014 12:47:39 PM MST
    </td>
    <td class="testcases">
        cabra.tests.Utils_Test:numDigits_positive_test
    </td>
    <td class="testcases">
        
    </td>
    </tr>
    <tr class="testcases">
    <td class="testcases">
        March 8, 2014 12:47:39 PM MST
    </td>
    <td class="testcases">
        cabra.tests.Utils_Test:endsWith_empty_test
    </td>
    <td class="testcases">
        
    </td>
    </tr>
    <tr class="testcases">
    <td class="testcases">
        March 8, 2014 12:47:39 PM MST
    </td>
    <td class="testcases">
        cabra.tests.Utils_Test:numDigits_largest_32bit_signed_test
    </td>
    <td class="testcases">
        
    </td>
    </tr>
    <tr class="testcases">
    <td class="testcases">
        March 8, 2014 12:47:39 PM MST
    </td>
    <td class="testcases">
        cabra.tests.Utils_Test:toPercent_positive_mixedfrac_test
    </td>
    <td class="testcases">
        
    </td>
    </tr>
    <tr class="testcases">
    <td class="testcases">
        March 8, 2014 12:47:39 PM MST
    </td>
    <td class="testcases">
        cabra.tests.Utils_Test:arraySum_empty_test
    </td>
    <td class="testcases">
        
    </td>
    </tr>
    <tr class="testcases">
    <td class="testcases">
        March 8, 2014 12:47:39 PM MST
    </td>
    <td class="testcases">
        cabra.tests.Utils_Test:numDigits_onedigit_zero_test
    </td>
    <td class="testcases">
        
    </td>
    </tr>
    <tr class="testcases">
    <td class="testcases">
        March 8, 2014 12:47:39 PM MST
    </td>
    <td class="testcases">
        cabra.tests.Utils_Test:stringWithPlural_two_element_test
    </td>
    <td class="testcases">
        
    </td>
    </tr>
    <tr class="testcases">
    <td class="testcases">
        March 8, 2014 12:47:39 PM MST
    </td>
    <td class="testcases">
        cabra.tests.Utils_Test:numDigits_negative_num_test
    </td>
    <td class="testcases">
        Failure
java.lang.AssertionError: Utils.arraySum returned an unexpected result
 expected:<4> but was:<1>
	at org.junit.Assert.fail(Assert.java:88)
	at org.junit.Assert.failNotEquals(Assert.java:743)
	at org.junit.Assert.assertEquals(Assert.java:118)
	at org.junit.Assert.assertEquals(Assert.java:555)
	at cabra.tests.Utils_Test.numDigits_negative_num_test(Utils_Test.java:271)
	at sun.reflect.NativeMethodAccessorImpl.invoke0(Native Method)
	at sun.reflect.NativeMethodAccessorImpl.invoke(NativeMethodAccessorImpl.java:57)
	at sun.reflect.DelegatingMethodAccessorImpl.invoke(DelegatingMethodAccessorImpl.java:43)
	at java.lang.reflect.Method.invoke(Method.java:606)
	at org.junit.runners.model.FrameworkMethod$1.runReflectiveCall(FrameworkMethod.java:47)
	at org.junit.internal.runners.model.ReflectiveCallable.run(ReflectiveCallable.java:12)
	at org.junit.runners.model.FrameworkMethod.invokeExplosively(FrameworkMethod.java:44)
	at org.junit.internal.runners.statements.InvokeMethod.evaluate(InvokeMethod.java:17)
	at org.junit.runners.ParentRunner.runLeaf(ParentRunner.java:271)
	at org.junit.runners.BlockJUnit4ClassRunner.runChild(BlockJUnit4ClassRunner.java:70)
	at org.junit.runners.BlockJUnit4ClassRunner.runChild(BlockJUnit4ClassRunner.java:50)
	at org.junit.runners.ParentRunner$3.run(ParentRunner.java:238)
	at org.junit.runners.ParentRunner$1.schedule(ParentRunner.java:63)
	at org.junit.runners.ParentRunner.runChildren(ParentRunner.java:236)
	at org.junit.runners.ParentRunner.access$000(ParentRunner.java:53)
	at org.junit.runners.ParentRunner$2.evaluate(ParentRunner.java:229)
	at org.junit.runners.ParentRunner.run(ParentRunner.java:309)
	at org.eclipse.jdt.internal.junit4.runner.JUnit4TestReference.run(JUnit4TestReference.java:50)
	at org.eclipse.jdt.internal.junit.runner.TestExecution.run(TestExecution.java:38)
	at org.eclipse.jdt.internal.junit.runner.RemoteTestRunner.runTests(RemoteTestRunner.java:467)
	at org.eclipse.jdt.internal.junit.runner.RemoteTestRunner.runTests(RemoteTestRunner.java:683)
	at org.eclipse.jdt.internal.junit.runner.RemoteTestRunner.run(RemoteTestRunner.java:390)
	at org.codecover.juniteclipse.runner.EclipseTestRunner.main(EclipseTestRunner.java:40)
    </td>
    </tr>
    <tr class="testcases">
    <td class="testcases">
        March 8, 2014 12:47:39 PM MST
    </td>
    <td class="testcases">
        cabra.tests.Utils_Test:average_positive_positivenums_test
    </td>
    <td class="testcases">
        
    </td>
    </tr>
    <tr class="testcases">
    <td class="testcases">
        March 8, 2014 12:47:39 PM MST
    </td>
    <td class="testcases">
        cabra.tests.Utils_Test:average_positive_mixednums_test
    </td>
    <td class="testcases">
        
    </td>
    </tr>
    <tr class="testcases">
    <td class="testcases">
        March 8, 2014 12:47:39 PM MST
    </td>
    <td class="testcases">
        cabra.tests.Utils_Test:arraySum_positive_mixednums_test
    </td>
    <td class="testcases">
        
    </td>
    </tr>
    <tr class="testcases">
    <td class="testcases">
        March 8, 2014 12:47:39 PM MST
    </td>
    <td class="testcases">
        cabra.tests.Utils_Test:toPercent_positive_0_test
    </td>
    <td class="testcases">
        
    </td>
    </tr>
    <tr class="testcases">
    <td class="testcases">
        March 8, 2014 12:47:39 PM MST
    </td>
    <td class="testcases">
        cabra.tests.Utils_Test:arraySum_zeros_test
    </td>
    <td class="testcases">
        
    </td>
    </tr>
    <tr class="testcases">
    <td class="testcases">
        March 8, 2014 12:47:39 PM MST
    </td>
    <td class="testcases">
        cabra.tests.Utils_Test:getExtension_empty_test
    </td>
    <td class="testcases">
        
    </td>
    </tr>
    <tr class="testcases">
    <td class="testcases">
        March 8, 2014 12:47:39 PM MST
    </td>
    <td class="testcases">
        cabra.tests.Utils_Test:padWithLeadingZeroes_positive_test
    </td>
    <td class="testcases">
        
    </td>
    </tr>
    <tr class="testcases">
    <td class="testcases">
        March 8, 2014 12:47:39 PM MST
    </td>
    <td class="testcases">
        cabra.tests.Utils_Test:toIntegerArray_positive_test
    </td>
    <td class="testcases">
        
    </td>
    </tr>
    <tr class="testcases">
    <td class="testcases">
        March 8, 2014 12:47:39 PM MST
    </td>
    <td class="testcases">
        cabra.tests.Utils_Test:dayToMillis_positive_test
    </td>
    <td class="testcases">
        
    </td>
    </tr>
    <tr class="testcases">
    <td class="testcases">
        March 8, 2014 12:47:39 PM MST
    </td>
    <td class="testcases">
        cabra.tests.Utils_Test:getExtension_file_extension_test
    </td>
    <td class="testcases">
        
    </td>
    </tr>
    <tr class="testcases">
    <td class="testcases">
        March 8, 2014 12:47:39 PM MST
    </td>
    <td class="testcases">
        cabra.tests.Utils_Test:toIntegerArray_positive_negnums_test
    </td>
    <td class="testcases">
        
    </td>
    </tr>
    <tr class="testcases">
    <td class="testcases">
        March 8, 2014 12:47:39 PM MST
    </td>
    <td class="testcases">
        cabra.tests.Utils_Test:toPercent_positive_5percent_test
    </td>
    <td class="testcases">
        
    </td>
    </tr>
    <tr class="testcases">
    <td class="testcases">
        March 8, 2014 12:47:39 PM MST
    </td>
    <td class="testcases">
        cabra.tests.Utils_Test:average_positive_negativenums_test
    </td>
    <td class="testcases">
        
    </td>
    </tr>
    <tr class="testcases">
    <td class="testcases">
        March 8, 2014 12:47:39 PM MST
    </td>
    <td class="testcases">
        cabra.tests.Utils_Test:stringWithPlural_word_ending_with_s_test
    </td>
    <td class="testcases">
        
    </td>
    </tr>
    <tr class="testcases">
    <td class="testcases">
        March 8, 2014 12:47:39 PM MST
    </td>
    <td class="testcases">
        cabra.tests.Utils_Test:dayToMillis_max32signedlong_test
    </td>
    <td class="testcases">
        
    </td>
    </tr>
    <tr class="testcases">
    <td class="testcases">
        March 8, 2014 12:47:39 PM MST
    </td>
    <td class="testcases">
        cabra.tests.Utils_Test:stringWithPlural_zero_quantity_test
    </td>
    <td class="testcases">
        Failure
org.junit.ComparisonFailure: Utils.arraySum returned an unexpected result
 expected:<dog[]> but was:<dog[s]>
	at org.junit.Assert.assertEquals(Assert.java:115)
	at cabra.tests.Utils_Test.stringWithPlural_zero_quantity_test(Utils_Test.java:320)
	at sun.reflect.NativeMethodAccessorImpl.invoke0(Native Method)
	at sun.reflect.NativeMethodAccessorImpl.invoke(NativeMethodAccessorImpl.java:57)
	at sun.reflect.DelegatingMethodAccessorImpl.invoke(DelegatingMethodAccessorImpl.java:43)
	at java.lang.reflect.Method.invoke(Method.java:606)
	at org.junit.runners.model.FrameworkMethod$1.runReflectiveCall(FrameworkMethod.java:47)
	at org.junit.internal.runners.model.ReflectiveCallable.run(ReflectiveCallable.java:12)
	at org.junit.runners.model.FrameworkMethod.invokeExplosively(FrameworkMethod.java:44)
	at org.junit.internal.runners.statements.InvokeMethod.evaluate(InvokeMethod.java:17)
	at org.junit.runners.ParentRunner.runLeaf(ParentRunner.java:271)
	at org.junit.runners.BlockJUnit4ClassRunner.runChild(BlockJUnit4ClassRunner.java:70)
	at org.junit.runners.BlockJUnit4ClassRunner.runChild(BlockJUnit4ClassRunner.java:50)
	at org.junit.runners.ParentRunner$3.run(ParentRunner.java:238)
	at org.junit.runners.ParentRunner$1.schedule(ParentRunner.java:63)
	at org.junit.runners.ParentRunner.runChildren(ParentRunner.java:236)
	at org.junit.runners.ParentRunner.access$000(ParentRunner.java:53)
	at org.junit.runners.ParentRunner$2.evaluate(ParentRunner.java:229)
	at org.junit.runners.ParentRunner.run(ParentRunner.java:309)
	at org.eclipse.jdt.internal.junit4.runner.JUnit4TestReference.run(JUnit4TestReference.java:50)
	at org.eclipse.jdt.internal.junit.runner.TestExecution.run(TestExecution.java:38)
	at org.eclipse.jdt.internal.junit.runner.RemoteTestRunner.runTests(RemoteTestRunner.java:467)
	at org.eclipse.jdt.internal.junit.runner.RemoteTestRunner.runTests(RemoteTestRunner.java:683)
	at org.eclipse.jdt.internal.junit.runner.RemoteTestRunner.run(RemoteTestRunner.java:390)
	at org.codecover.juniteclipse.runner.EclipseTestRunner.main(EclipseTestRunner.java:40)
    </td>
    </tr>
    <tr class="testcases">
    <td class="testcases">
        March 8, 2014 12:47:39 PM MST
    </td>
    <td class="testcases">
        cabra.tests.Utils_Test:getExtension_no_extension_test
    </td>
    <td class="testcases">
        
    </td>
    </tr>
    <tr class="testcases">
    <td class="testcases">
        March 8, 2014 12:47:39 PM MST
    </td>
    <td class="testcases">
        cabra.tests.Utils_Test:padWithLeadingZeroes_positive_lessdig_test
    </td>
    <td class="testcases">
        
    </td>
    </tr>
    <tr class="testcases">
    <td class="testcases">
        March 8, 2014 12:47:39 PM MST
    </td>
    <td class="testcases">
        cabra.tests.Utils_Test:dayToMillis_max32unsignedlong_test
    </td>
    <td class="testcases">
        Failure
java.lang.AssertionError: Utils.arraySum returned an unexpected result
 expected:<2160000000> but was:<-2134967296>
	at org.junit.Assert.fail(Assert.java:88)
	at org.junit.Assert.failNotEquals(Assert.java:743)
	at org.junit.Assert.assertEquals(Assert.java:118)
	at cabra.tests.Utils_Test.dayToMillis_max32unsignedlong_test(Utils_Test.java:159)
	at sun.reflect.NativeMethodAccessorImpl.invoke0(Native Method)
	at sun.reflect.NativeMethodAccessorImpl.invoke(NativeMethodAccessorImpl.java:57)
	at sun.reflect.DelegatingMethodAccessorImpl.invoke(DelegatingMethodAccessorImpl.java:43)
	at java.lang.reflect.Method.invoke(Method.java:606)
	at org.junit.runners.model.FrameworkMethod$1.runReflectiveCall(FrameworkMethod.java:47)
	at org.junit.internal.runners.model.ReflectiveCallable.run(ReflectiveCallable.java:12)
	at org.junit.runners.model.FrameworkMethod.invokeExplosively(FrameworkMethod.java:44)
	at org.junit.internal.runners.statements.InvokeMethod.evaluate(InvokeMethod.java:17)
	at org.junit.runners.ParentRunner.runLeaf(ParentRunner.java:271)
	at org.junit.runners.BlockJUnit4ClassRunner.runChild(BlockJUnit4ClassRunner.java:70)
	at org.junit.runners.BlockJUnit4ClassRunner.runChild(BlockJUnit4ClassRunner.java:50)
	at org.junit.runners.ParentRunner$3.run(ParentRunner.java:238)
	at org.junit.runners.ParentRunner$1.schedule(ParentRunner.java:63)
	at org.junit.runners.ParentRunner.runChildren(ParentRunner.java:236)
	at org.junit.runners.ParentRunner.access$000(ParentRunner.java:53)
	at org.junit.runners.ParentRunner$2.evaluate(ParentRunner.java:229)
	at org.junit.runners.ParentRunner.run(ParentRunner.java:309)
	at org.eclipse.jdt.internal.junit4.runner.JUnit4TestReference.run(JUnit4TestReference.java:50)
	at org.eclipse.jdt.internal.junit.runner.TestExecution.run(TestExecution.java:38)
	at org.eclipse.jdt.internal.junit.runner.RemoteTestRunner.runTests(RemoteTestRunner.java:467)
	at org.eclipse.jdt.internal.junit.runner.RemoteTestRunner.runTests(RemoteTestRunner.java:683)
	at org.eclipse.jdt.internal.junit.runner.RemoteTestRunner.run(RemoteTestRunner.java:390)
	at org.codecover.juniteclipse.runner.EclipseTestRunner.main(EclipseTestRunner.java:40)
    </td>
    </tr>
    <tr class="testcases">
    <td class="testcases">
        March 8, 2014 12:47:39 PM MST
    </td>
    <td class="testcases">
        cabra.tests.Utils_Test:endsWith_no_extension_test
    </td>
    <td class="testcases">
        
    </td>
    </tr>
    <tr class="testcases">
    <td class="testcases">
        March 8, 2014 12:47:39 PM MST
    </td>
    <td class="testcases">
        cabra.tests.Utils_Test:arraySum_positive_negativenums_test
    </td>
    <td class="testcases">
        
    </td>
    </tr>
    <tr class="testcases">
    <td class="testcases">
        March 8, 2014 12:47:39 PM MST
    </td>
    <td class="testcases">
        cabra.tests.Session_Test:getCardStats_skippingCards_test
    </td>
    <td class="testcases">
        Failure
java.lang.AssertionError: Num of skipped cards expected:<1> but was:<0>
	at org.junit.Assert.fail(Assert.java:88)
	at org.junit.Assert.failNotEquals(Assert.java:743)
	at org.junit.Assert.assertEquals(Assert.java:118)
	at org.junit.Assert.assertEquals(Assert.java:555)
	at cabra.tests.Session_Test.getCardStats_skippingCards_test(Session_Test.java:161)
	at sun.reflect.NativeMethodAccessorImpl.invoke0(Native Method)
	at sun.reflect.NativeMethodAccessorImpl.invoke(NativeMethodAccessorImpl.java:57)
	at sun.reflect.DelegatingMethodAccessorImpl.invoke(DelegatingMethodAccessorImpl.java:43)
	at java.lang.reflect.Method.invoke(Method.java:606)
	at org.junit.runners.model.FrameworkMethod$1.runReflectiveCall(FrameworkMethod.java:47)
	at org.junit.internal.runners.model.ReflectiveCallable.run(ReflectiveCallable.java:12)
	at org.junit.runners.model.FrameworkMethod.invokeExplosively(FrameworkMethod.java:44)
	at org.junit.internal.runners.statements.InvokeMethod.evaluate(InvokeMethod.java:17)
	at org.junit.runners.ParentRunner.runLeaf(ParentRunner.java:271)
	at org.junit.runners.BlockJUnit4ClassRunner.runChild(BlockJUnit4ClassRunner.java:70)
	at org.junit.runners.BlockJUnit4ClassRunner.runChild(BlockJUnit4ClassRunner.java:50)
	at org.junit.runners.ParentRunner$3.run(ParentRunner.java:238)
	at org.junit.runners.ParentRunner$1.schedule(ParentRunner.java:63)
	at org.junit.runners.ParentRunner.runChildren(ParentRunner.java:236)
	at org.junit.runners.ParentRunner.access$000(ParentRunner.java:53)
	at org.junit.runners.ParentRunner$2.evaluate(ParentRunner.java:229)
	at org.junit.internal.runners.statements.RunBefores.evaluate(RunBefores.java:26)
	at org.junit.runners.ParentRunner.run(ParentRunner.java:309)
	at org.eclipse.jdt.internal.junit4.runner.JUnit4TestReference.run(JUnit4TestReference.java:50)
	at org.eclipse.jdt.internal.junit.runner.TestExecution.run(TestExecution.java:38)
	at org.eclipse.jdt.internal.junit.runner.RemoteTestRunner.runTests(RemoteTestRunner.java:467)
	at org.eclipse.jdt.internal.junit.runner.RemoteTestRunner.runTests(RemoteTestRunner.java:683)
	at org.eclipse.jdt.internal.junit.runner.RemoteTestRunner.run(RemoteTestRunner.java:390)
	at org.codecover.juniteclipse.runner.EclipseTestRunner.main(EclipseTestRunner.java:40)
    </td>
    </tr>
    <tr class="testcases">
    <td class="testcases">
        March 8, 2014 12:47:39 PM MST
    </td>
    <td class="testcases">
        cabra.tests.Session_Test:getCardStats_cardSkipped_test
    </td>
    <td class="testcases">
        
    </td>
    </tr>
    <tr class="testcases">
    <td class="testcases">
        March 8, 2014 12:47:39 PM MST
    </td>
    <td class="testcases">
        cabra.tests.Session_Test:getNumCards_withNoCardsToBeStudied_test
    </td>
    <td class="testcases">
        
    </td>
    </tr>
    <tr class="testcases">
    <td class="testcases">
        March 8, 2014 12:47:39 PM MST
    </td>
    <td class="testcases">
        cabra.tests.Session_Test:isEmpty_withCards_test
    </td>
    <td class="testcases">
        
    </td>
    </tr>
    <tr class="testcases">
    <td class="testcases">
        March 8, 2014 12:47:39 PM MST
    </td>
    <td class="testcases">
        cabra.tests.Session_Test:getNumCards_secondSession_test
    </td>
    <td class="testcases">
        
    </td>
    </tr>
    <tr class="testcases">
    <td class="testcases">
        March 8, 2014 12:47:39 PM MST
    </td>
    <td class="testcases">
        cabra.tests.Session_Test:isEmpty_noCards_test
    </td>
    <td class="testcases">
        
    </td>
    </tr>
    <tr class="testcases">
    <td class="testcases">
        March 8, 2014 12:47:39 PM MST
    </td>
    <td class="testcases">
        cabra.tests.Session_Test:getCardStats_positiveTest
    </td>
    <td class="testcases">
        
    </td>
    </tr>
    <tr class="testcases">
    <td class="testcases">
        March 8, 2014 12:47:39 PM MST
    </td>
    <td class="testcases">
        cabra.tests.Session_Test:isFinished_positiveTest
    </td>
    <td class="testcases">
        Failure
java.lang.AssertionError: Is session finished expected:<true> but was:<false>
	at org.junit.Assert.fail(Assert.java:88)
	at org.junit.Assert.failNotEquals(Assert.java:743)
	at org.junit.Assert.assertEquals(Assert.java:118)
	at cabra.tests.Session_Test.isFinished_positiveTest(Session_Test.java:97)
	at sun.reflect.NativeMethodAccessorImpl.invoke0(Native Method)
	at sun.reflect.NativeMethodAccessorImpl.invoke(NativeMethodAccessorImpl.java:57)
	at sun.reflect.DelegatingMethodAccessorImpl.invoke(DelegatingMethodAccessorImpl.java:43)
	at java.lang.reflect.Method.invoke(Method.java:606)
	at org.junit.runners.model.FrameworkMethod$1.runReflectiveCall(FrameworkMethod.java:47)
	at org.junit.internal.runners.model.ReflectiveCallable.run(ReflectiveCallable.java:12)
	at org.junit.runners.model.FrameworkMethod.invokeExplosively(FrameworkMethod.java:44)
	at org.junit.internal.runners.statements.InvokeMethod.evaluate(InvokeMethod.java:17)
	at org.junit.runners.ParentRunner.runLeaf(ParentRunner.java:271)
	at org.junit.runners.BlockJUnit4ClassRunner.runChild(BlockJUnit4ClassRunner.java:70)
	at org.junit.runners.BlockJUnit4ClassRunner.runChild(BlockJUnit4ClassRunner.java:50)
	at org.junit.runners.ParentRunner$3.run(ParentRunner.java:238)
	at org.junit.runners.ParentRunner$1.schedule(ParentRunner.java:63)
	at org.junit.runners.ParentRunner.runChildren(ParentRunner.java:236)
	at org.junit.runners.ParentRunner.access$000(ParentRunner.java:53)
	at org.junit.runners.ParentRunner$2.evaluate(ParentRunner.java:229)
	at org.junit.internal.runners.statements.RunBefores.evaluate(RunBefores.java:26)
	at org.junit.runners.ParentRunner.run(ParentRunner.java:309)
	at org.eclipse.jdt.internal.junit4.runner.JUnit4TestReference.run(JUnit4TestReference.java:50)
	at org.eclipse.jdt.internal.junit.runner.TestExecution.run(TestExecution.java:38)
	at org.eclipse.jdt.internal.junit.runner.RemoteTestRunner.runTests(RemoteTestRunner.java:467)
	at org.eclipse.jdt.internal.junit.runner.RemoteTestRunner.runTests(RemoteTestRunner.java:683)
	at org.eclipse.jdt.internal.junit.runner.RemoteTestRunner.run(RemoteTestRunner.java:390)
	at org.codecover.juniteclipse.runner.EclipseTestRunner.main(EclipseTestRunner.java:40)
    </td>
    </tr>
    <tr class="testcases">
    <td class="testcases">
        March 8, 2014 12:47:39 PM MST
    </td>
    <td class="testcases">
        cabra.tests.Session_Test:getNumCards_withCards_test
    </td>
    <td class="testcases">
        
    </td>
    </tr>
    <tr class="testcases">
    <td class="testcases">
        March 8, 2014 12:47:39 PM MST
    </td>
    <td class="testcases">
        cabra.tests.Status_Tests:previousRank_rankA_test
    </td>
    <td class="testcases">
        
    </td>
    </tr>
    <tr class="testcases">
    <td class="testcases">
        March 8, 2014 12:47:39 PM MST
    </td>
    <td class="testcases">
        cabra.tests.Status_Tests:previousRank_rankB_test
    </td>
    <td class="testcases">
        
    </td>
    </tr>
    <tr class="testcases">
    <td class="testcases">
        March 8, 2014 12:47:39 PM MST
    </td>
    <td class="testcases">
        cabra.tests.Status_Tests:previousRank_rankC_test
    </td>
    <td class="testcases">
        
    </td>
    </tr>
    <tr class="testcases">
    <td class="testcases">
        March 8, 2014 12:47:39 PM MST
    </td>
    <td class="testcases">
        cabra.tests.Status_Tests:previousRank_rankD_test
    </td>
    <td class="testcases">
        
    </td>
    </tr>
    <tr class="testcases">
    <td class="testcases">
        March 8, 2014 12:47:39 PM MST
    </td>
    <td class="testcases">
        cabra.tests.Status_Tests:previousRank_rankE_test
    </td>
    <td class="testcases">
        
    </td>
    </tr>
    <tr class="testcases">
    <td class="testcases">
        March 8, 2014 12:47:39 PM MST
    </td>
    <td class="testcases">
        cabra.tests.Status_Tests:nextRank_rankA_test
    </td>
    <td class="testcases">
        
    </td>
    </tr>
    <tr class="testcases">
    <td class="testcases">
        March 8, 2014 12:47:39 PM MST
    </td>
    <td class="testcases">
        cabra.tests.Status_Tests:nextRank_rankB_test
    </td>
    <td class="testcases">
        
    </td>
    </tr>
    <tr class="testcases">
    <td class="testcases">
        March 8, 2014 12:47:39 PM MST
    </td>
    <td class="testcases">
        cabra.tests.Status_Tests:nextRank_rankC_test
    </td>
    <td class="testcases">
        
    </td>
    </tr>
    <tr class="testcases">
    <td class="testcases">
        March 8, 2014 12:47:39 PM MST
    </td>
    <td class="testcases">
        cabra.tests.Status_Tests:nextRank_rankD_test
    </td>
    <td class="testcases">
        
    </td>
    </tr>
    <tr class="testcases">
    <td class="testcases">
        March 8, 2014 12:47:39 PM MST
    </td>
    <td class="testcases">
        cabra.tests.Status_Tests:nextRank_rankE_test
    </td>
    <td class="testcases">
        
    </td>
    </tr>
    <tr class="testcases">
    <td class="testcases">
        March 8, 2014 12:47:39 PM MST
    </td>
    <td class="testcases">
        cabra.tests.Card_Test:removePicture_withPicture_test
    </td>
    <td class="testcases">
        
    </td>
    </tr>
    <tr class="testcases">
    <td class="testcases">
        March 8, 2014 12:47:39 PM MST
    </td>
    <td class="testcases">
        cabra.tests.Card_Test:isDueForStudying_withStatusBCardWithSkips_test
    </td>
    <td class="testcases">
        
    </td>
    </tr>
    <tr class="testcases">
    <td class="testcases">
        March 8, 2014 12:47:39 PM MST
    </td>
    <td class="testcases">
        cabra.tests.Card_Test:hasPicture_doestNotHasPicture_test
    </td>
    <td class="testcases">
        
    </td>
    </tr>
    <tr class="testcases">
    <td class="testcases">
        March 8, 2014 12:47:39 PM MST
    </td>
    <td class="testcases">
        cabra.tests.Card_Test:card_constructor_test2
    </td>
    <td class="testcases">
        
    </td>
    </tr>
    <tr class="testcases">
    <td class="testcases">
        March 8, 2014 12:47:39 PM MST
    </td>
    <td class="testcases">
        cabra.tests.Card_Test:replaceNewLines_emptyString_test
    </td>
    <td class="testcases">
        
    </td>
    </tr>
    <tr class="testcases">
    <td class="testcases">
        March 8, 2014 12:47:39 PM MST
    </td>
    <td class="testcases">
        cabra.tests.Card_Test:replaceNewLines_nulltring_test
    </td>
    <td class="testcases">
        Error
java.lang.NullPointerException
	at cabra.Card.replaceNewlines(Card.java:270)
	at cabra.tests.Card_Test.replaceNewLines_nulltring_test(Card_Test.java:157)
	at sun.reflect.NativeMethodAccessorImpl.invoke0(Native Method)
	at sun.reflect.NativeMethodAccessorImpl.invoke(NativeMethodAccessorImpl.java:57)
	at sun.reflect.DelegatingMethodAccessorImpl.invoke(DelegatingMethodAccessorImpl.java:43)
	at java.lang.reflect.Method.invoke(Method.java:606)
	at org.junit.runners.model.FrameworkMethod$1.runReflectiveCall(FrameworkMethod.java:47)
	at org.junit.internal.runners.model.ReflectiveCallable.run(ReflectiveCallable.java:12)
	at org.junit.runners.model.FrameworkMethod.invokeExplosively(FrameworkMethod.java:44)
	at org.junit.internal.runners.statements.InvokeMethod.evaluate(InvokeMethod.java:17)
	at org.junit.runners.ParentRunner.runLeaf(ParentRunner.java:271)
	at org.junit.runners.BlockJUnit4ClassRunner.runChild(BlockJUnit4ClassRunner.java:70)
	at org.junit.runners.BlockJUnit4ClassRunner.runChild(BlockJUnit4ClassRunner.java:50)
	at org.junit.runners.ParentRunner$3.run(ParentRunner.java:238)
	at org.junit.runners.ParentRunner$1.schedule(ParentRunner.java:63)
	at org.junit.runners.ParentRunner.runChildren(ParentRunner.java:236)
	at org.junit.runners.ParentRunner.access$000(ParentRunner.java:53)
	at org.junit.runners.ParentRunner$2.evaluate(ParentRunner.java:229)
	at org.junit.internal.runners.statements.RunBefores.evaluate(RunBefores.java:26)
	at org.junit.runners.ParentRunner.run(ParentRunner.java:309)
	at org.eclipse.jdt.internal.junit4.runner.JUnit4TestReference.run(JUnit4TestReference.java:50)
	at org.eclipse.jdt.internal.junit.runner.TestExecution.run(TestExecution.java:38)
	at org.eclipse.jdt.internal.junit.runner.RemoteTestRunner.runTests(RemoteTestRunner.java:467)
	at org.eclipse.jdt.internal.junit.runner.RemoteTestRunner.runTests(RemoteTestRunner.java:683)
	at org.eclipse.jdt.internal.junit.runner.RemoteTestRunner.run(RemoteTestRunner.java:390)
	at org.codecover.juniteclipse.runner.EclipseTestRunner.main(EclipseTestRunner.java:40)
    </td>
    </tr>
    <tr class="testcases">
    <td class="testcases">
        March 8, 2014 12:47:39 PM MST
    </td>
    <td class="testcases">
        cabra.tests.Card_Test:card_constructor_test
    </td>
    <td class="testcases">
        
    </td>
    </tr>
    <tr class="testcases">
    <td class="testcases">
        March 8, 2014 12:47:39 PM MST
    </td>
    <td class="testcases">
        cabra.tests.Card_Test:isDueForStudying_withStatusBCard_test
    </td>
    <td class="testcases">
        
    </td>
    </tr>
    <tr class="testcases">
    <td class="testcases">
        March 8, 2014 12:47:39 PM MST
    </td>
    <td class="testcases">
        cabra.tests.Card_Test:isDueForStudying_withStatusACard_test
    </td>
    <td class="testcases">
        
    </td>
    </tr>
    <tr class="testcases">
    <td class="testcases">
        March 8, 2014 12:47:39 PM MST
    </td>
    <td class="testcases">
        cabra.tests.Card_Test:removePicture_withoutPicture_test
    </td>
    <td class="testcases">
        
    </td>
    </tr>
    <tr class="testcases">
    <td class="testcases">
        March 8, 2014 12:47:39 PM MST
    </td>
    <td class="testcases">
        cabra.tests.Card_Test:replaceNewLines_positiveTest
    </td>
    <td class="testcases">
        
    </td>
    </tr>
    <tr class="testcases">
    <td class="testcases">
        March 8, 2014 12:47:39 PM MST
    </td>
    <td class="testcases">
        cabra.tests.Card_Test:hasPicture_hasPicture_test
    </td>
    <td class="testcases">
        
    </td>
    </tr>
    </tbody>
    </table>
    </div>
    <div class="creationNote">
        created on March 8, 2014 1:07:12 PM MST with
        <a href="http://www.codecover.org">
            CodeCover
        </a>
    </div>
</body>
</html>
        